Using pre-set license

 COMMAND LINE ARGUMENTS:
/Applications/Unity/Unity.app/Contents/MacOS/Unity
-adb2
-batchMode
-noUpm
-name
AssetImportWorker0
-projectPath
/Users/elliebruhns/Desktop/Gitar Hero
-logFile
Logs/AssetImportWorker0.log
-srvPort
54535
Successfully changed project path to: /Users/elliebruhns/Desktop/Gitar Hero
/Users/elliebruhns/Desktop/Gitar Hero
Using Asset Import Pipeline V2.
Refreshing native plugins compatible for Editor in 37.07 ms, found 1 plugins.
Preloading 0 native plugins for Editor in 0.00 ms.
Initialize engine version: 2020.3.1f1 (77a89f25062f)
[Subsystems] Discovering subsystems at path /Applications/Unity/Unity.app/Contents/Resources/UnitySubsystems
[Subsystems] Discovering subsystems at path /Users/elliebruhns/Desktop/Gitar Hero/Assets
GfxDevice: creating device client; threaded=0
2021-05-25 22:15:21.683 Unity[43500:3061204] Color LCD preferred device: Intel(R) Iris(TM) Plus Graphics 645 (low power)
2021-05-25 22:15:21.683 Unity[43500:3061204] Metal devices available: 1
2021-05-25 22:15:21.683 Unity[43500:3061204] 0: Intel(R) Iris(TM) Plus Graphics 645 (low power)
2021-05-25 22:15:21.683 Unity[43500:3061204] Using device Intel(R) Iris(TM) Plus Graphics 645 (low power)
Initializing Metal device caps: Intel(R) Iris(TM) Plus Graphics 645
Initialize mono
Mono path[0] = '/Applications/Unity/Unity.app/Contents/Managed'
Mono path[1] = '/Applications/Unity/Unity.app/Contents/MonoBleedingEdge/lib/mono/unityjit'
Mono config path = '/Applications/Unity/Unity.app/Contents/MonoBleedingEdge/etc'
Using monoOptions --debugger-agent=transport=dt_socket,embedding=1,server=y,suspend=n,address=127.0.0.1:56500
Begin MonoManager ReloadAssembly
Error scanning for extension ivy.xml files: System.UnauthorizedAccessException: Access to the path '/Applications/Unity/PlaybackEngines/WebGLSupport/BuildTools/Emscripten_Mac/node' is denied.
  at System.IO.__Error.WinIOError (System.Int32 errorCode, System.String maybeFullPath) [0x00129] in <eae584ce26bc40229c1b1aa476bfa589>:0 
  at System.IO.FileSystemEnumerableIterator`1[TSource].HandleError (System.Int32 hr, System.String path) [0x00006] in <eae584ce26bc40229c1b1aa476bfa589>:0 
  at System.IO.FileSystemEnumerableIterator`1[TSource].AddSearchableDirsToStack (System.IO.Directory+SearchData localSearchData) [0x00053] in <eae584ce26bc40229c1b1aa476bfa589>:0 
  at System.IO.FileSystemEnumerableIterator`1[TSource].MoveNext () [0x0008e] in <eae584ce26bc40229c1b1aa476bfa589>:0 
  at System.Collections.Generic.List`1[T]..ctor (System.Collections.Generic.IEnumerable`1[T] collection) [0x00077] in <eae584ce26bc40229c1b1aa476bfa589>:0 
  at System.IO.Directory.InternalGetFileDirectoryNames (System.String path, System.String userPathOriginal, System.String searchPattern, System.Boolean includeFiles, System.Boolean includeDirs, System.IO.SearchOption searchOption, System.Boolean checkHost) [0x0000f] in <eae584ce26bc40229c1b1aa476bfa589>:0 
  at System.IO.Directory.InternalGetFiles (System.String path, System.String searchPattern, System.IO.SearchOption searchOption) [0x00000] in <eae584ce26bc40229c1b1aa476bfa589>:0 
  at System.IO.Directory.GetFiles (System.String path, System.String searchPattern, System.IO.SearchOption searchOption) [0x00038] in <eae584ce26bc40229c1b1aa476bfa589>:0 
  at UnityEditor.Modules.ModuleManager.LoadLegacyExtensionsFromIvyFiles () [0x000a5] in /Users/bokken/buildslave/unity/build/Editor/Mono/Modules/ModuleManager.cs:253 
Registering precompiled unity dll's ...
Register platform support module: /Applications/Unity/PlaybackEngines/WebGLSupport/UnityEditor.WebGL.Extensions.dll
Register platform support module: /Applications/Unity/Unity.app/Contents/PlaybackEngines/MacStandaloneSupport/UnityEditor.OSXStandalone.Extensions.dll
Registered in 0.002645 seconds.
Native extension for OSXStandalone target not found
Native extension for WebGL target not found
Refreshing native plugins compatible for Editor in 32.79 ms, found 1 plugins.
Preloading 0 native plugins for Editor in 0.00 ms.
Invoked RoslynAnalysisRunner static constructor.
RoslynAnalysisRunner will not be running.
RoslynAnalysisRunner has terminated.
Mono: successfully reloaded assembly
- Completed reload, in  2.961 seconds
Platform modules already initialized, skipping
Registering precompiled user dll's ...
Registered in 0.001551 seconds.
Begin MonoManager ReloadAssembly
Native extension for OSXStandalone target not found
Native extension for WebGL target not found
Refreshing native plugins compatible for Editor in 32.28 ms, found 1 plugins.
Preloading 0 native plugins for Editor in 0.00 ms.
Invoked RoslynAnalysisRunner static constructor.
RoslynAnalysisRunner will not be running.
RoslynAnalysisRunner has terminated.
Mono: successfully reloaded assembly
- Completed reload, in  1.135 seconds
Platform modules already initialized, skipping
========================================================================
Worker process is ready to serve import requests
Launching external process: /Applications/Unity/Unity.app/Contents/Tools/UnityShaderCompiler
Launched and connected shader compiler UnityShaderCompiler after 0.01 seconds
Refreshing native plugins compatible for Editor in 0.34 ms, found 1 plugins.
Preloading 0 native plugins for Editor in 0.00 ms.
Unloading 1476 Unused Serialized files (Serialized files now loaded: 0)
System memory in use before: 127.7 MB.
System memory in use after: 127.7 MB.

Unloading 12 unused Assets to reduce memory usage. Loaded Objects now: 1923.
Total: 2.872039 ms (FindLiveObjects: 0.322789 ms CreateObjectMapping: 0.096658 ms MarkObjects: 2.353694 ms  DeleteObjects: 0.097127 ms)

========================================================================
Received Import Request.
  path: Assets/ChartLoader/ChartLoader/Songs/daynnite.ogg
  artifactKey: Guid(a8852da12211b42b68aefbd90dd3e883) Importer(815301076,1909f56bfc062723c751e8b465ee728b)
Start importing Assets/ChartLoader/ChartLoader/Songs/daynnite.ogg using Guid(a8852da12211b42b68aefbd90dd3e883) Importer(815301076,1909f56bfc062723c751e8b465ee728b)  -> (artifact id: '66a9878dbf96c802db26d59d6b3fe13f') in 0.504512 seconds
  Import took 0.510414 seconds .

========================================================================
Received Import Request.
  Time since last request: 0.000264 seconds.
  path: Assets/ChartLoader/ChartLoader/Songs/youngDumbBroke.mp3
  artifactKey: Guid(a20a7a8fef8554e2f848e6d11fae6312) Importer(815301076,1909f56bfc062723c751e8b465ee728b)
Start importing Assets/ChartLoader/ChartLoader/Songs/youngDumbBroke.mp3 using Guid(a20a7a8fef8554e2f848e6d11fae6312) Importer(815301076,1909f56bfc062723c751e8b465ee728b)  -> (artifact id: '4657fe6d7f4eda4d0a00dfd50d096373') in 1.284502 seconds
  Import took 1.290057 seconds .

========================================================================
Received Import Request.
  Time since last request: 0.000220 seconds.
  path: Assets/ChartLoader/ChartLoader/Songs/song.mp3
  artifactKey: Guid(486b6642d4768433493c83d9f6df4869) Importer(815301076,1909f56bfc062723c751e8b465ee728b)
Start importing Assets/ChartLoader/ChartLoader/Songs/song.mp3 using Guid(486b6642d4768433493c83d9f6df4869) Importer(815301076,1909f56bfc062723c751e8b465ee728b)  -> (artifact id: '5b69a4eab272c2e2c847317f7d70e9c7') in 0.009766 seconds
  Import took 0.014033 seconds .

========================================================================
Received Import Request.
  Time since last request: 0.003712 seconds.
  path: Assets/ChartLoader/ChartLoader/Songs/song.mp3
  artifactKey: Guid(486b6642d4768433493c83d9f6df4869) Importer(815301076,1909f56bfc062723c751e8b465ee728b)
Start importing Assets/ChartLoader/ChartLoader/Songs/song.mp3 using Guid(486b6642d4768433493c83d9f6df4869) Importer(815301076,1909f56bfc062723c751e8b465ee728b)  -> (artifact id: '5b69a4eab272c2e2c847317f7d70e9c7') in 0.009767 seconds
  Import took 0.012944 seconds .

========================================================================
Received Import Request.
  Time since last request: 89.118575 seconds.
  path: Assets/ChartLoader/ChartLoader/Songs/Game Changer/Game Changer/Tier 02 - Baby Birds Waiting to be Fed
  artifactKey: Guid(0c2b67da595e843a88b2a291a74c54a3) Importer(815301076,1909f56bfc062723c751e8b465ee728b)
Start importing Assets/ChartLoader/ChartLoader/Songs/Game Changer/Game Changer/Tier 02 - Baby Birds Waiting to be Fed using Guid(0c2b67da595e843a88b2a291a74c54a3) Importer(815301076,1909f56bfc062723c751e8b465ee728b)  -> (artifact id: 'ec6c733c4a0dc88e13948d2aeb1984de') in 0.001289 seconds
  Import took 0.008978 seconds .

========================================================================
Received Import Request.
  Time since last request: 0.000996 seconds.
  path: Assets/ChartLoader/ChartLoader/Songs/Game Changer/Game Changer/Tier 02 - Baby Birds Waiting to be Fed
  artifactKey: Guid(0c2b67da595e843a88b2a291a74c54a3) Importer(815301076,1909f56bfc062723c751e8b465ee728b)
Start importing Assets/ChartLoader/ChartLoader/Songs/Game Changer/Game Changer/Tier 02 - Baby Birds Waiting to be Fed using Guid(0c2b67da595e843a88b2a291a74c54a3) Importer(815301076,1909f56bfc062723c751e8b465ee728b)  -> (artifact id: 'ec6c733c4a0dc88e13948d2aeb1984de') in 0.001735 seconds
  Import took 0.006034 seconds .

========================================================================
Received Import Request.
  Time since last request: 0.619391 seconds.
  path: Assets/ChartLoader/ChartLoader/Songs/Game Changer/Game Changer/Tier 03 - Morale Boosters
  artifactKey: Guid(411237cda6bbb47529e15c798b5ae92e) Importer(815301076,1909f56bfc062723c751e8b465ee728b)
Start importing Assets/ChartLoader/ChartLoader/Songs/Game Changer/Game Changer/Tier 03 - Morale Boosters using Guid(411237cda6bbb47529e15c798b5ae92e) Importer(815301076,1909f56bfc062723c751e8b465ee728b)  -> (artifact id: 'd24ac0911f965f66d2df2a89b0ccd305') in 0.001016 seconds
  Import took 0.004476 seconds .

========================================================================
Received Import Request.
  Time since last request: 0.001189 seconds.
  path: Assets/ChartLoader/ChartLoader/Songs/Game Changer/Game Changer/Tier 03 - Morale Boosters
  artifactKey: Guid(411237cda6bbb47529e15c798b5ae92e) Importer(815301076,1909f56bfc062723c751e8b465ee728b)
Start importing Assets/ChartLoader/ChartLoader/Songs/Game Changer/Game Changer/Tier 03 - Morale Boosters using Guid(411237cda6bbb47529e15c798b5ae92e) Importer(815301076,1909f56bfc062723c751e8b465ee728b)  -> (artifact id: 'd24ac0911f965f66d2df2a89b0ccd305') in 0.001464 seconds
  Import took 0.007564 seconds .

========================================================================
Received Import Request.
  Time since last request: 129.196998 seconds.
  path: Assets/ChartLoader/ChartLoader/Scripts/ChartLoader/ChartLoader/NET/Utils/ChartReader.cs
  artifactKey: Guid(870a11660b85e40478b003b3d9dc1467) Importer(815301076,1909f56bfc062723c751e8b465ee728b)
Start importing Assets/ChartLoader/ChartLoader/Scripts/ChartLoader/ChartLoader/NET/Utils/ChartReader.cs using Guid(870a11660b85e40478b003b3d9dc1467) Importer(815301076,1909f56bfc062723c751e8b465ee728b)  -> (artifact id: 'a068e1040a552bc564c1ae80870c4fce') in 0.604131 seconds
  Import took 0.609405 seconds .

========================================================================
Received Import Request.
  Time since last request: 30.751554 seconds.
  path: Assets/ChartLoader/ChartLoader/Scripts/ChartLoader/ChartLoader/NET/Framework/Chart.cs
  artifactKey: Guid(a9d264b0438cc1a4b913582ba32da117) Importer(815301076,1909f56bfc062723c751e8b465ee728b)
Start importing Assets/ChartLoader/ChartLoader/Scripts/ChartLoader/ChartLoader/NET/Framework/Chart.cs using Guid(a9d264b0438cc1a4b913582ba32da117) Importer(815301076,1909f56bfc062723c751e8b465ee728b)  -> (artifact id: '2a27aaa2acc13b62fa5aa95fc3592e61') in 0.002675 seconds
  Import took 0.006778 seconds .

========================================================================
Received Import Request.
  Time since last request: 234.200662 seconds.
  path: Assets/Scripts/ChartLoaderTest.cs
  artifactKey: Guid(1678a9349ecad304888edad26a04be52) Importer(815301076,1909f56bfc062723c751e8b465ee728b)
Start importing Assets/Scripts/ChartLoaderTest.cs using Guid(1678a9349ecad304888edad26a04be52) Importer(815301076,1909f56bfc062723c751e8b465ee728b)  -> (artifact id: '4d35f8abd49590cb13a864c21b9f9551') in 0.002517 seconds
  Import took 0.006333 seconds .

========================================================================
Received Import Request.
  Time since last request: 0.008763 seconds.
  path: Assets/Scripts/ChartLoaderTest.cs
  artifactKey: Guid(1678a9349ecad304888edad26a04be52) Importer(815301076,1909f56bfc062723c751e8b465ee728b)
Start importing Assets/Scripts/ChartLoaderTest.cs using Guid(1678a9349ecad304888edad26a04be52) Importer(815301076,1909f56bfc062723c751e8b465ee728b)  -> (artifact id: '4d35f8abd49590cb13a864c21b9f9551') in 0.002396 seconds
  Import took 0.005486 seconds .

========================================================================
Received Import Request.
  Time since last request: 670.218154 seconds.
  path: Assets/Scenes/SampleScene.unity
  artifactKey: Guid(9fc0d4010bbf28b4594072e72b8655ab) Importer(815301076,1909f56bfc062723c751e8b465ee728b)
Start importing Assets/Scenes/SampleScene.unity using Guid(9fc0d4010bbf28b4594072e72b8655ab) Importer(815301076,1909f56bfc062723c751e8b465ee728b)  -> (artifact id: 'bc66d06b549dffb849c48794898d87ae') in 0.006748 seconds
  Import took 0.014143 seconds .

========================================================================
Received Import Request.
  Time since last request: 9.684806 seconds.
  path: Assets/Scenes/SampleScene 1.unity
  artifactKey: Guid(b499b0829c7b841d08aa33f42d41dfc9) Importer(815301076,1909f56bfc062723c751e8b465ee728b)
Start importing Assets/Scenes/SampleScene 1.unity using Guid(b499b0829c7b841d08aa33f42d41dfc9) Importer(815301076,1909f56bfc062723c751e8b465ee728b)  -> (artifact id: '74c2682e5c0d1bde257ef244ca2e26a2') in 0.003993 seconds
  Import took 0.008829 seconds .

========================================================================
Received Import Request.
  Time since last request: 0.787588 seconds.
  path: Assets/Scenes/SampleScene 2.unity
  artifactKey: Guid(d513e9e7366c9402097a4ddfb68f17bd) Importer(815301076,1909f56bfc062723c751e8b465ee728b)
Start importing Assets/Scenes/SampleScene 2.unity using Guid(d513e9e7366c9402097a4ddfb68f17bd) Importer(815301076,1909f56bfc062723c751e8b465ee728b)  -> (artifact id: '341e0d70711c73cfeb305883255ffa39') in 0.004026 seconds
  Import took 0.008644 seconds .

========================================================================
Received Import Request.
  Time since last request: 8.595135 seconds.
  path: Assets/Scenes/SleepWalk.unity
  artifactKey: Guid(b499b0829c7b841d08aa33f42d41dfc9) Importer(815301076,1909f56bfc062723c751e8b465ee728b)
Start importing Assets/Scenes/SleepWalk.unity using Guid(b499b0829c7b841d08aa33f42d41dfc9) Importer(815301076,1909f56bfc062723c751e8b465ee728b)  -> (artifact id: '1a5f92cdac8b4532309644d469361a77') in 0.001255 seconds
  Import took 0.005843 seconds .

========================================================================
Received Import Request.
  Time since last request: 8.326788 seconds.
  path: Assets/Scenes/DayNNite.unity
  artifactKey: Guid(d513e9e7366c9402097a4ddfb68f17bd) Importer(815301076,1909f56bfc062723c751e8b465ee728b)
Start importing Assets/Scenes/DayNNite.unity using Guid(d513e9e7366c9402097a4ddfb68f17bd) Importer(815301076,1909f56bfc062723c751e8b465ee728b)  -> (artifact id: '6e051c6d34ae27233147665c954faae3') in 0.001736 seconds
  Import took 0.009836 seconds .

========================================================================
Received Import Request.
  Time since last request: 9.410744 seconds.
  path: Assets/Scenes/YDB.unity
  artifactKey: Guid(9fc0d4010bbf28b4594072e72b8655ab) Importer(815301076,1909f56bfc062723c751e8b465ee728b)
Start importing Assets/Scenes/YDB.unity using Guid(9fc0d4010bbf28b4594072e72b8655ab) Importer(815301076,1909f56bfc062723c751e8b465ee728b)  -> (artifact id: '5b336d4d1b59a1702546803dbe873fd2') in 0.001653 seconds
  Import took 0.005534 seconds .

========================================================================
Received Prepare
Registering precompiled user dll's ...
Registered in 0.000511 seconds.
Begin MonoManager ReloadAssembly
Native extension for OSXStandalone target not found
Native extension for WebGL target not found
Refreshing native plugins compatible for Editor in 0.33 ms, found 1 plugins.
Preloading 0 native plugins for Editor in 0.00 ms.
Invoked RoslynAnalysisRunner static constructor.
RoslynAnalysisRunner will not be running.
RoslynAnalysisRunner has terminated.
Mono: successfully reloaded assembly
- Completed reload, in  1.166 seconds
Platform modules already initialized, skipping
Refreshing native plugins compatible for Editor in 0.33 ms, found 1 plugins.
Preloading 0 native plugins for Editor in 0.00 ms.
Unloading 1458 Unused Serialized files (Serialized files now loaded: 0)
System memory in use before: 143.3 MB.
System memory in use after: 143.4 MB.

Unloading 5 unused Assets to reduce memory usage. Loaded Objects now: 1935.
Total: 2.017820 ms (FindLiveObjects: 0.326684 ms CreateObjectMapping: 0.046910 ms MarkObjects: 1.570887 ms  DeleteObjects: 0.072245 ms)

========================================================================
Received Import Request.
  Time since last request: 166.706441 seconds.
  path: Assets/Scripts/ChartLoaderTest.cs
  artifactKey: Guid(1678a9349ecad304888edad26a04be52) Importer(815301076,1909f56bfc062723c751e8b465ee728b)
Start importing Assets/Scripts/ChartLoaderTest.cs using Guid(1678a9349ecad304888edad26a04be52) Importer(815301076,1909f56bfc062723c751e8b465ee728b)  -> (artifact id: 'd06f234afa3173c518bbe1f89fd7f9e3') in 0.012741 seconds
  Import took 0.015928 seconds .

========================================================================
Received Import Request.
  Time since last request: 0.039727 seconds.
  path: Assets/Scripts/ChartLoaderTest.cs
  artifactKey: Guid(1678a9349ecad304888edad26a04be52) Importer(815301076,1909f56bfc062723c751e8b465ee728b)
Start importing Assets/Scripts/ChartLoaderTest.cs using Guid(1678a9349ecad304888edad26a04be52) Importer(815301076,1909f56bfc062723c751e8b465ee728b)  -> (artifact id: 'd06f234afa3173c518bbe1f89fd7f9e3') in 0.001596 seconds
  Import took 0.006302 seconds .

========================================================================
Received Prepare
Registering precompiled user dll's ...
Registered in 0.001170 seconds.
Begin MonoManager ReloadAssembly
Native extension for OSXStandalone target not found
Native extension for WebGL target not found
Refreshing native plugins compatible for Editor in 0.37 ms, found 1 plugins.
Preloading 0 native plugins for Editor in 0.00 ms.
Invoked RoslynAnalysisRunner static constructor.
RoslynAnalysisRunner will not be running.
RoslynAnalysisRunner has terminated.
Mono: successfully reloaded assembly
- Completed reload, in  1.033 seconds
Platform modules already initialized, skipping
Refreshing native plugins compatible for Editor in 0.32 ms, found 1 plugins.
Preloading 0 native plugins for Editor in 0.00 ms.
Unloading 1458 Unused Serialized files (Serialized files now loaded: 0)
System memory in use before: 143.5 MB.
System memory in use after: 143.6 MB.

Unloading 5 unused Assets to reduce memory usage. Loaded Objects now: 1938.
Total: 2.051668 ms (FindLiveObjects: 0.202848 ms CreateObjectMapping: 0.105796 ms MarkObjects: 1.687276 ms  DeleteObjects: 0.054638 ms)

========================================================================
Received Import Request.
  Time since last request: 193.092973 seconds.
  path: Assets/ChartLoader/ChartLoader/Songs/Game Changer/Game Changer/Tier 03 - Morale Boosters/2. Sleepwalk (Satriani)
  artifactKey: Guid(9942cbce982814c60826ac2d1cc45ebf) Importer(815301076,1909f56bfc062723c751e8b465ee728b)
Start importing Assets/ChartLoader/ChartLoader/Songs/Game Changer/Game Changer/Tier 03 - Morale Boosters/2. Sleepwalk (Satriani) using Guid(9942cbce982814c60826ac2d1cc45ebf) Importer(815301076,1909f56bfc062723c751e8b465ee728b)  -> (artifact id: '678d70b2b1c9f75e8445de9a86e5cf4e') in 0.007722 seconds
  Import took 0.013040 seconds .

========================================================================
Received Prepare
Registering precompiled user dll's ...
Registered in 0.000830 seconds.
Begin MonoManager ReloadAssembly
Native extension for OSXStandalone target not found
Native extension for WebGL target not found
Refreshing native plugins compatible for Editor in 0.34 ms, found 1 plugins.
Preloading 0 native plugins for Editor in 0.00 ms.
Invoked RoslynAnalysisRunner static constructor.
RoslynAnalysisRunner will not be running.
RoslynAnalysisRunner has terminated.
Mono: successfully reloaded assembly
- Completed reload, in  1.073 seconds
Platform modules already initialized, skipping
Refreshing native plugins compatible for Editor in 0.31 ms, found 1 plugins.
Preloading 0 native plugins for Editor in 0.00 ms.
Unloading 1458 Unused Serialized files (Serialized files now loaded: 0)
System memory in use before: 143.7 MB.
System memory in use after: 143.7 MB.

Unloading 5 unused Assets to reduce memory usage. Loaded Objects now: 1941.
Total: 2.049518 ms (FindLiveObjects: 0.186144 ms CreateObjectMapping: 0.048422 ms MarkObjects: 1.753433 ms  DeleteObjects: 0.059015 ms)

========================================================================
Received Import Request.
  Time since last request: 55.246146 seconds.
  path: Assets/Scripts/ChartLoaderTest.cs
  artifactKey: Guid(1678a9349ecad304888edad26a04be52) Importer(815301076,1909f56bfc062723c751e8b465ee728b)
Start importing Assets/Scripts/ChartLoaderTest.cs using Guid(1678a9349ecad304888edad26a04be52) Importer(815301076,1909f56bfc062723c751e8b465ee728b)  -> (artifact id: '32411b665dcf3d6c1a06a12aacf728c8') in 0.004120 seconds
  Import took 0.007837 seconds .

========================================================================
Received Import Request.
  Time since last request: 0.002279 seconds.
  path: Assets/Scripts/ChartLoaderTest.cs
  artifactKey: Guid(1678a9349ecad304888edad26a04be52) Importer(815301076,1909f56bfc062723c751e8b465ee728b)
Start importing Assets/Scripts/ChartLoaderTest.cs using Guid(1678a9349ecad304888edad26a04be52) Importer(815301076,1909f56bfc062723c751e8b465ee728b)  -> (artifact id: '32411b665dcf3d6c1a06a12aacf728c8') in 0.001118 seconds
  Import took 0.005070 seconds .

========================================================================
Received Prepare
Registering precompiled user dll's ...
Registered in 0.001245 seconds.
Begin MonoManager ReloadAssembly
Native extension for OSXStandalone target not found
Native extension for WebGL target not found
Refreshing native plugins compatible for Editor in 0.35 ms, found 1 plugins.
Preloading 0 native plugins for Editor in 0.00 ms.
Invoked RoslynAnalysisRunner static constructor.
RoslynAnalysisRunner will not be running.
RoslynAnalysisRunner has terminated.
Mono: successfully reloaded assembly
- Completed reload, in  1.037 seconds
Platform modules already initialized, skipping
Refreshing native plugins compatible for Editor in 0.33 ms, found 1 plugins.
Preloading 0 native plugins for Editor in 0.00 ms.
Unloading 1458 Unused Serialized files (Serialized files now loaded: 0)
System memory in use before: 143.9 MB.
System memory in use after: 143.9 MB.

Unloading 5 unused Assets to reduce memory usage. Loaded Objects now: 1944.
Total: 2.651948 ms (FindLiveObjects: 0.243933 ms CreateObjectMapping: 0.075112 ms MarkObjects: 2.263521 ms  DeleteObjects: 0.067873 ms)

========================================================================
Received Import Request.
  Time since last request: 188.958205 seconds.
  path: Assets/Scenes/Menu.unity
  artifactKey: Guid(48eecc4210ecb4f9688ed4bd30903d10) Importer(815301076,1909f56bfc062723c751e8b465ee728b)
Start importing Assets/Scenes/Menu.unity using Guid(48eecc4210ecb4f9688ed4bd30903d10) Importer(815301076,1909f56bfc062723c751e8b465ee728b)  -> (artifact id: 'a6c15e4059416f20749ea92d81ef8b89') in 0.015734 seconds
  Import took 0.021924 seconds .

========================================================================
Received Prepare
Registering precompiled user dll's ...
Registered in 0.000428 seconds.
Begin MonoManager ReloadAssembly
Native extension for OSXStandalone target not found
Native extension for WebGL target not found
Refreshing native plugins compatible for Editor in 0.38 ms, found 1 plugins.
Preloading 0 native plugins for Editor in 0.00 ms.
Invoked RoslynAnalysisRunner static constructor.
RoslynAnalysisRunner will not be running.
RoslynAnalysisRunner has terminated.
Mono: successfully reloaded assembly
- Completed reload, in  1.074 seconds
Platform modules already initialized, skipping
Refreshing native plugins compatible for Editor in 0.32 ms, found 1 plugins.
Preloading 0 native plugins for Editor in 0.00 ms.
Unloading 1458 Unused Serialized files (Serialized files now loaded: 0)
System memory in use before: 144.1 MB.
System memory in use after: 144.2 MB.

Unloading 5 unused Assets to reduce memory usage. Loaded Objects now: 1947.
Total: 2.036840 ms (FindLiveObjects: 0.208006 ms CreateObjectMapping: 0.045119 ms MarkObjects: 1.719164 ms  DeleteObjects: 0.063424 ms)

========================================================================
Received Import Request.
  Time since last request: 139.184213 seconds.
  path: Assets/Scripts/MainMenu.cs
  artifactKey: Guid(3b0a8cf112ea74294b4099ba0d84486c) Importer(815301076,1909f56bfc062723c751e8b465ee728b)
Start importing Assets/Scripts/MainMenu.cs using Guid(3b0a8cf112ea74294b4099ba0d84486c) Importer(815301076,1909f56bfc062723c751e8b465ee728b)  -> (artifact id: '32018dbfab043949792f82ed7430e1df') in 0.016468 seconds
  Import took 0.023245 seconds .

========================================================================
Received Import Request.
  Time since last request: 812.974387 seconds.
  path: Assets/Scenes/SleepWalk.unity
  artifactKey: Guid(b499b0829c7b841d08aa33f42d41dfc9) Importer(815301076,1909f56bfc062723c751e8b465ee728b)
Start importing Assets/Scenes/SleepWalk.unity using Guid(b499b0829c7b841d08aa33f42d41dfc9) Importer(815301076,1909f56bfc062723c751e8b465ee728b)  -> (artifact id: '50ca9dc272db58fb9595131c187e2b6d') in 0.018516 seconds
  Import took 0.035340 seconds .

========================================================================
Received Prepare
Registering precompiled user dll's ...
Registered in 0.000900 seconds.
Begin MonoManager ReloadAssembly
Native extension for OSXStandalone target not found
Native extension for WebGL target not found
Refreshing native plugins compatible for Editor in 0.36 ms, found 1 plugins.
Preloading 0 native plugins for Editor in 0.00 ms.
Invoked RoslynAnalysisRunner static constructor.
RoslynAnalysisRunner will not be running.
RoslynAnalysisRunner has terminated.
Mono: successfully reloaded assembly
- Completed reload, in  1.029 seconds
Platform modules already initialized, skipping
Refreshing native plugins compatible for Editor in 0.33 ms, found 1 plugins.
Preloading 0 native plugins for Editor in 0.00 ms.
Unloading 1458 Unused Serialized files (Serialized files now loaded: 0)
System memory in use before: 144.3 MB.
System memory in use after: 144.4 MB.

Unloading 5 unused Assets to reduce memory usage. Loaded Objects now: 1950.
Total: 1.993086 ms (FindLiveObjects: 0.192251 ms CreateObjectMapping: 0.051182 ms MarkObjects: 1.685426 ms  DeleteObjects: 0.062621 ms)

========================================================================
Received Import Request.
  Time since last request: 192.795513 seconds.
  path: Assets/Scenes/DayNNite.unity
  artifactKey: Guid(d513e9e7366c9402097a4ddfb68f17bd) Importer(815301076,1909f56bfc062723c751e8b465ee728b)
Start importing Assets/Scenes/DayNNite.unity using Guid(d513e9e7366c9402097a4ddfb68f17bd) Importer(815301076,1909f56bfc062723c751e8b465ee728b)  -> (artifact id: 'd2d24f45ec65c58c3cc6687a667766fe') in 0.019491 seconds
  Import took 0.024003 seconds .

========================================================================
Received Import Request.
  Time since last request: 21.245192 seconds.
  path: Assets/Scenes/Menu.unity
  artifactKey: Guid(48eecc4210ecb4f9688ed4bd30903d10) Importer(815301076,1909f56bfc062723c751e8b465ee728b)
Start importing Assets/Scenes/Menu.unity using Guid(48eecc4210ecb4f9688ed4bd30903d10) Importer(815301076,1909f56bfc062723c751e8b465ee728b)  -> (artifact id: '45bf2332f22925443ed5c84d94877412') in 0.001482 seconds
  Import took 0.008463 seconds .

========================================================================
Received Prepare
Registering precompiled user dll's ...
Registered in 0.002155 seconds.
Begin MonoManager ReloadAssembly
Native extension for OSXStandalone target not found
Native extension for WebGL target not found
Refreshing native plugins compatible for Editor in 0.32 ms, found 1 plugins.
Preloading 0 native plugins for Editor in 0.00 ms.
Invoked RoslynAnalysisRunner static constructor.
RoslynAnalysisRunner will not be running.
RoslynAnalysisRunner has terminated.
Mono: successfully reloaded assembly
- Completed reload, in  1.074 seconds
Platform modules already initialized, skipping
Refreshing native plugins compatible for Editor in 0.32 ms, found 1 plugins.
Preloading 0 native plugins for Editor in 0.00 ms.
Unloading 1458 Unused Serialized files (Serialized files now loaded: 0)
System memory in use before: 144.5 MB.
System memory in use after: 144.6 MB.

Unloading 5 unused Assets to reduce memory usage. Loaded Objects now: 1953.
Total: 2.404500 ms (FindLiveObjects: 0.217119 ms CreateObjectMapping: 0.084288 ms MarkObjects: 2.040878 ms  DeleteObjects: 0.059261 ms)

