Using pre-set license

 COMMAND LINE ARGUMENTS:
/Applications/Unity/Hub/Editor/2020.3.1f1/Unity.app/Contents/MacOS/Unity
-adb2
-batchMode
-noUpm
-name
AssetImportWorker0
-projectPath
/Users/brennastutenroth/Desktop/Gitar-Hero
-logFile
Logs/AssetImportWorker0.log
-srvPort
54836
Successfully changed project path to: /Users/brennastutenroth/Desktop/Gitar-Hero
/Users/brennastutenroth/Desktop/Gitar-Hero
Using Asset Import Pipeline V2.
Refreshing native plugins compatible for Editor in 49.09 ms, found 1 plugins.
Preloading 0 native plugins for Editor in 0.00 ms.
Initialize engine version: 2020.3.1f1 (77a89f25062f)
[Subsystems] Discovering subsystems at path /Applications/Unity/Hub/Editor/2020.3.1f1/Unity.app/Contents/Resources/UnitySubsystems
[Subsystems] Discovering subsystems at path /Users/brennastutenroth/Desktop/Gitar-Hero/Assets
GfxDevice: creating device client; threaded=0
2021-06-02 14:43:46.203 Unity[37349:5875288] Color LCD preferred device: Intel(R) Iris(TM) Plus Graphics 650 (low power)
2021-06-02 14:43:46.203 Unity[37349:5875288] Metal devices available: 1
2021-06-02 14:43:46.203 Unity[37349:5875288] 0: Intel(R) Iris(TM) Plus Graphics 650 (low power)
2021-06-02 14:43:46.204 Unity[37349:5875288] Using device Intel(R) Iris(TM) Plus Graphics 650 (low power)
Initializing Metal device caps: Intel(R) Iris(TM) Plus Graphics 650
Initialize mono
Mono path[0] = '/Applications/Unity/Hub/Editor/2020.3.1f1/Unity.app/Contents/Managed'
Mono path[1] = '/Applications/Unity/Hub/Editor/2020.3.1f1/Unity.app/Contents/MonoBleedingEdge/lib/mono/unityjit'
Mono config path = '/Applications/Unity/Hub/Editor/2020.3.1f1/Unity.app/Contents/MonoBleedingEdge/etc'
Using monoOptions --debugger-agent=transport=dt_socket,embedding=1,server=y,suspend=n,address=127.0.0.1:56349
Begin MonoManager ReloadAssembly
Registering precompiled unity dll's ...
Register platform support module: /Applications/Unity/Hub/Editor/2020.3.1f1/PlaybackEngines/WebGLSupport/UnityEditor.WebGL.Extensions.dll
Register platform support module: /Applications/Unity/Hub/Editor/2020.3.1f1/Unity.app/Contents/PlaybackEngines/MacStandaloneSupport/UnityEditor.OSXStandalone.Extensions.dll
Registered in 0.004680 seconds.
Native extension for OSXStandalone target not found
Native extension for WebGL target not found
Refreshing native plugins compatible for Editor in 32.71 ms, found 1 plugins.
Preloading 0 native plugins for Editor in 0.00 ms.
Invoked RoslynAnalysisRunner static constructor.
RoslynAnalysisRunner will not be running.
RoslynAnalysisRunner has terminated.
Mono: successfully reloaded assembly
- Completed reload, in  2.381 seconds
Platform modules already initialized, skipping
Registering precompiled user dll's ...
Registered in 0.001759 seconds.
Begin MonoManager ReloadAssembly
Native extension for OSXStandalone target not found
Native extension for WebGL target not found
Refreshing native plugins compatible for Editor in 42.66 ms, found 1 plugins.
Preloading 0 native plugins for Editor in 0.00 ms.
Invoked RoslynAnalysisRunner static constructor.
RoslynAnalysisRunner will not be running.
RoslynAnalysisRunner has terminated.
Mono: successfully reloaded assembly
- Completed reload, in  1.390 seconds
Platform modules already initialized, skipping
========================================================================
Worker process is ready to serve import requests
Launching external process: /Applications/Unity/Hub/Editor/2020.3.1f1/Unity.app/Contents/Tools/UnityShaderCompiler
Launched and connected shader compiler UnityShaderCompiler after 0.02 seconds
Refreshing native plugins compatible for Editor in 0.32 ms, found 1 plugins.
Preloading 0 native plugins for Editor in 0.00 ms.
Unloading 1477 Unused Serialized files (Serialized files now loaded: 0)
System memory in use before: 129.3 MB.
System memory in use after: 129.3 MB.

Unloading 11 unused Assets to reduce memory usage. Loaded Objects now: 1922.
Total: 3.846746 ms (FindLiveObjects: 0.345673 ms CreateObjectMapping: 0.110013 ms MarkObjects: 3.257338 ms  DeleteObjects: 0.131502 ms)

========================================================================
Received Import Request.
  path: Assets/NewAudioMixer.mixer
  artifactKey: Guid(df0c1dbe975db4fa3824380c1ca8c361) Importer(815301076,1909f56bfc062723c751e8b465ee728b)
Start importing Assets/NewAudioMixer.mixer using Guid(df0c1dbe975db4fa3824380c1ca8c361) Importer(815301076,1909f56bfc062723c751e8b465ee728b)  -> (artifact id: '242f3271063a2ae1d8a56297a63f1fa8') in 0.351565 seconds
  Import took 0.354648 seconds .

========================================================================
Received Import Request.
  Time since last request: 0.000200 seconds.
  path: Assets/Nightmare_Hero_Normal SDF.asset
  artifactKey: Guid(16b8946a3535d4db6b1b42a6277fed01) Importer(815301076,1909f56bfc062723c751e8b465ee728b)
Start importing Assets/Nightmare_Hero_Normal SDF.asset using Guid(16b8946a3535d4db6b1b42a6277fed01) Importer(815301076,1909f56bfc062723c751e8b465ee728b)  -> (artifact id: 'b6e7c8e6d7a00f1ac453dfa24b2ec627') in 0.753659 seconds
  Import took 0.756293 seconds .

