Using pre-set license
Built from '2020.3/release' branch; Version is '2020.3.1f1 (77a89f25062f) revision 7841951'; Using compiler version '192528614'; Build Type 'Release'
OS: 'Windows 10 Pro; OS build 19041.985; Version 2004; 64bit' Language: 'en' Physical Memory: 16348 MB
BatchMode: 1, IsHumanControllingUs: 0, StartBugReporterOnCrash: 0, Is64bit: 1, IsPro: 0

 COMMAND LINE ARGUMENTS:
C:\Program Files\Unity\Hub\Editor\2020.3.1f1\Editor\Unity.exe
-adb2
-batchMode
-noUpm
-name
AssetImportWorker1
-projectPath
C:/Users/Shane/Documents/GitHub/Gitar-Hero
-logFile
Logs/AssetImportWorker1.log
-srvPort
50559
Successfully changed project path to: C:/Users/Shane/Documents/GitHub/Gitar-Hero
C:/Users/Shane/Documents/GitHub/Gitar-Hero
Using Asset Import Pipeline V2.
Refreshing native plugins compatible for Editor in 55.80 ms, found 0 plugins.
Preloading 0 native plugins for Editor in 0.00 ms.
Initialize engine version: 2020.3.1f1 (77a89f25062f)
[Subsystems] Discovering subsystems at path C:/Program Files/Unity/Hub/Editor/2020.3.1f1/Editor/Data/Resources/UnitySubsystems
[Subsystems] Discovering subsystems at path C:/Users/Shane/Documents/GitHub/Gitar-Hero/Assets
GfxDevice: creating device client; threaded=0
Direct3D:
    Version:  Direct3D 11.0 [level 11.1]
    Renderer: NVIDIA GeForce GTX 1060 6GB (ID=0x1c03)
    Vendor:   
    VRAM:     6052 MB
    Driver:   27.21.14.5671
Initialize mono
Mono path[0] = 'C:/Program Files/Unity/Hub/Editor/2020.3.1f1/Editor/Data/Managed'
Mono path[1] = 'C:/Program Files/Unity/Hub/Editor/2020.3.1f1/Editor/Data/MonoBleedingEdge/lib/mono/unityjit'
Mono config path = 'C:/Program Files/Unity/Hub/Editor/2020.3.1f1/Editor/Data/MonoBleedingEdge/etc'
Using monoOptions --debugger-agent=transport=dt_socket,embedding=1,server=y,suspend=n,address=127.0.0.1:56816
Begin MonoManager ReloadAssembly
Registering precompiled unity dll's ...
Register platform support module: C:/Program Files/Unity/Hub/Editor/2020.3.1f1/Editor/Data/PlaybackEngines/WebGLSupport/UnityEditor.WebGL.Extensions.dll
Register platform support module: C:/Program Files/Unity/Hub/Editor/2020.3.1f1/Editor/Data/PlaybackEngines/WindowsStandaloneSupport/UnityEditor.WindowsStandalone.Extensions.dll
Registered in 0.006221 seconds.
Native extension for WindowsStandalone target not found
Native extension for WebGL target not found
Refreshing native plugins compatible for Editor in 96.66 ms, found 0 plugins.
Preloading 0 native plugins for Editor in 0.00 ms.
Invoked RoslynAnalysisRunner static constructor.
RoslynAnalysisRunner will not be running.
RoslynAnalysisRunner has terminated.
Mono: successfully reloaded assembly
- Completed reload, in  3.550 seconds
Platform modules already initialized, skipping
Registering precompiled user dll's ...
Registered in 0.001274 seconds.
Begin MonoManager ReloadAssembly
Native extension for WindowsStandalone target not found
Native extension for WebGL target not found
Refreshing native plugins compatible for Editor in 75.23 ms, found 0 plugins.
Preloading 0 native plugins for Editor in 0.00 ms.
Invoked RoslynAnalysisRunner static constructor.
RoslynAnalysisRunner will not be running.
RoslynAnalysisRunner has terminated.
Mono: successfully reloaded assembly
- Completed reload, in  3.410 seconds
Platform modules already initialized, skipping
========================================================================
Worker process is ready to serve import requests
Launched and connected shader compiler UnityShaderCompiler.exe after 0.15 seconds
Refreshing native plugins compatible for Editor in 0.56 ms, found 0 plugins.
Preloading 0 native plugins for Editor in 0.00 ms.
Unloading 1477 Unused Serialized files (Serialized files now loaded: 0)
System memory in use before: 72.1 MB.
System memory in use after: 72.2 MB.

Unloading 11 unused Assets to reduce memory usage. Loaded Objects now: 1923.
Total: 3.247900 ms (FindLiveObjects: 0.343600 ms CreateObjectMapping: 0.059900 ms MarkObjects: 2.700200 ms  DeleteObjects: 0.142600 ms)

========================================================================
Received Import Request.
  path: Assets/Scripts/Press_Blue.cs
  artifactKey: Guid(d60c6f5a7703f4798967ab6641dac29a) Importer(815301076,1909f56bfc062723c751e8b465ee728b)
Start importing Assets/Scripts/Press_Blue.cs using Guid(d60c6f5a7703f4798967ab6641dac29a) Importer(815301076,1909f56bfc062723c751e8b465ee728b)  -> (artifact id: '8bc6c7c94bce7ec37b3664e3b79d6c02') in 0.112509 seconds
  Import took 0.117508 seconds .

========================================================================
Received Import Request.
  Time since last request: 0.000212 seconds.
  path: Assets/Scripts/Press_Red.cs
  artifactKey: Guid(7bd8c913e50a346a680bcdd9322384d4) Importer(815301076,1909f56bfc062723c751e8b465ee728b)
Start importing Assets/Scripts/Press_Red.cs using Guid(7bd8c913e50a346a680bcdd9322384d4) Importer(815301076,1909f56bfc062723c751e8b465ee728b)  -> (artifact id: '9b005de0b06b4bdb585c5c18d4127365') in 0.013085 seconds
  Import took 0.016272 seconds .

========================================================================
Received Import Request.
  Time since last request: 0.000184 seconds.
  path: Assets/Scripts/Press_Yellow.cs
  artifactKey: Guid(1674a132e5abf475d88c1a5914a59ad5) Importer(815301076,1909f56bfc062723c751e8b465ee728b)
Start importing Assets/Scripts/Press_Yellow.cs using Guid(1674a132e5abf475d88c1a5914a59ad5) Importer(815301076,1909f56bfc062723c751e8b465ee728b)  -> (artifact id: '12a70e549bb9797acc4484ba5e95ec37') in 0.008172 seconds
  Import took 0.011470 seconds .

========================================================================
Received Import Request.
  Time since last request: 0.001182 seconds.
  path: Assets/Scripts/MainMenu.cs
  artifactKey: Guid(3b0a8cf112ea74294b4099ba0d84486c) Importer(815301076,1909f56bfc062723c751e8b465ee728b)
Start importing Assets/Scripts/MainMenu.cs using Guid(3b0a8cf112ea74294b4099ba0d84486c) Importer(815301076,1909f56bfc062723c751e8b465ee728b)  -> (artifact id: '223c85fd8f8a830f2b78f7d24e389266') in 0.042023 seconds
  Import took 0.055675 seconds .

========================================================================
Received Import Request.
  Time since last request: 1.511895 seconds.
  path: Assets/Scripts/Press_Green.cs
  artifactKey: Guid(3e2a56ebc859045e68fbc5ffe2b9565d) Importer(815301076,1909f56bfc062723c751e8b465ee728b)
Start importing Assets/Scripts/Press_Green.cs using Guid(3e2a56ebc859045e68fbc5ffe2b9565d) Importer(815301076,1909f56bfc062723c751e8b465ee728b)  -> (artifact id: '208a730af200c4e0a04067198e8673c2') in 0.009710 seconds
  Import took 0.012199 seconds .

========================================================================
Received Import Request.
  Time since last request: 0.001929 seconds.
  path: Assets/Scripts/Press_Green.cs
  artifactKey: Guid(3e2a56ebc859045e68fbc5ffe2b9565d) Importer(815301076,1909f56bfc062723c751e8b465ee728b)
Start importing Assets/Scripts/Press_Green.cs using Guid(3e2a56ebc859045e68fbc5ffe2b9565d) Importer(815301076,1909f56bfc062723c751e8b465ee728b)  -> (artifact id: '208a730af200c4e0a04067198e8673c2') in 0.004855 seconds
  Import took 0.008081 seconds .

========================================================================
Received Prepare
Registering precompiled user dll's ...
Registered in 0.000818 seconds.
Begin MonoManager ReloadAssembly
Native extension for WindowsStandalone target not found
Native extension for WebGL target not found
Refreshing native plugins compatible for Editor in 0.29 ms, found 0 plugins.
Preloading 0 native plugins for Editor in 0.00 ms.
Invoked RoslynAnalysisRunner static constructor.
RoslynAnalysisRunner will not be running.
RoslynAnalysisRunner has terminated.
Mono: successfully reloaded assembly
- Completed reload, in  1.237 seconds
Platform modules already initialized, skipping
Refreshing native plugins compatible for Editor in 0.31 ms, found 0 plugins.
Preloading 0 native plugins for Editor in 0.00 ms.
Unloading 1458 Unused Serialized files (Serialized files now loaded: 0)
System memory in use before: 71.2 MB.
System memory in use after: 71.3 MB.

Unloading 4 unused Assets to reduce memory usage. Loaded Objects now: 1926.
Total: 2.833300 ms (FindLiveObjects: 0.499600 ms CreateObjectMapping: 0.398900 ms MarkObjects: 1.917400 ms  DeleteObjects: 0.015800 ms)

========================================================================
Received Import Request.
  Time since last request: 1543.393718 seconds.
  path: Assets/Scripts/Press_Green.cs
  artifactKey: Guid(3e2a56ebc859045e68fbc5ffe2b9565d) Importer(815301076,1909f56bfc062723c751e8b465ee728b)
Start importing Assets/Scripts/Press_Green.cs using Guid(3e2a56ebc859045e68fbc5ffe2b9565d) Importer(815301076,1909f56bfc062723c751e8b465ee728b)  -> (artifact id: 'a34dcd35d4960ab35a6937d581af5e6c') in 0.012322 seconds
  Import took 0.015720 seconds .

========================================================================
Received Import Request.
  Time since last request: 0.660701 seconds.
  path: Assets/Scripts/MainMenu.cs
  artifactKey: Guid(3b0a8cf112ea74294b4099ba0d84486c) Importer(815301076,1909f56bfc062723c751e8b465ee728b)
Start importing Assets/Scripts/MainMenu.cs using Guid(3b0a8cf112ea74294b4099ba0d84486c) Importer(815301076,1909f56bfc062723c751e8b465ee728b)  -> (artifact id: '9b1c0f4c42630b1792ac77a64cedcee6') in 0.010035 seconds
  Import took 0.012729 seconds .

========================================================================
Received Import Request.
  Time since last request: 0.000898 seconds.
  path: Assets/Scripts/MainMenu.cs
  artifactKey: Guid(3b0a8cf112ea74294b4099ba0d84486c) Importer(815301076,1909f56bfc062723c751e8b465ee728b)
Start importing Assets/Scripts/MainMenu.cs using Guid(3b0a8cf112ea74294b4099ba0d84486c) Importer(815301076,1909f56bfc062723c751e8b465ee728b)  -> (artifact id: '9b1c0f4c42630b1792ac77a64cedcee6') in 0.007920 seconds
  Import took 0.010968 seconds .

========================================================================
Received Import Request.
  Time since last request: 33.811231 seconds.
  path: Assets/Scripts/Press_Red.cs
  artifactKey: Guid(7bd8c913e50a346a680bcdd9322384d4) Importer(815301076,1909f56bfc062723c751e8b465ee728b)
Start importing Assets/Scripts/Press_Red.cs using Guid(7bd8c913e50a346a680bcdd9322384d4) Importer(815301076,1909f56bfc062723c751e8b465ee728b)  -> (artifact id: '585046ad7a78ebdb93d75d5e3c66d0b2') in 0.008732 seconds
  Import took 0.011635 seconds .

========================================================================
Received Import Request.
  Time since last request: 0.001352 seconds.
  path: Assets/Scripts/Press_Red.cs
  artifactKey: Guid(7bd8c913e50a346a680bcdd9322384d4) Importer(815301076,1909f56bfc062723c751e8b465ee728b)
Start importing Assets/Scripts/Press_Red.cs using Guid(7bd8c913e50a346a680bcdd9322384d4) Importer(815301076,1909f56bfc062723c751e8b465ee728b)  -> (artifact id: '585046ad7a78ebdb93d75d5e3c66d0b2') in 0.008214 seconds
  Import took 0.011438 seconds .

========================================================================
Received Import Request.
  Time since last request: 7.671927 seconds.
  path: Assets/Scripts/Press_Blue.cs
  artifactKey: Guid(d60c6f5a7703f4798967ab6641dac29a) Importer(815301076,1909f56bfc062723c751e8b465ee728b)
Start importing Assets/Scripts/Press_Blue.cs using Guid(d60c6f5a7703f4798967ab6641dac29a) Importer(815301076,1909f56bfc062723c751e8b465ee728b)  -> (artifact id: '2ddd3c1f0b21188c90f5211f512ec13a') in 0.009019 seconds
  Import took 0.011770 seconds .

========================================================================
Received Import Request.
  Time since last request: 0.001117 seconds.
  path: Assets/Scripts/Press_Blue.cs
  artifactKey: Guid(d60c6f5a7703f4798967ab6641dac29a) Importer(815301076,1909f56bfc062723c751e8b465ee728b)
Start importing Assets/Scripts/Press_Blue.cs using Guid(d60c6f5a7703f4798967ab6641dac29a) Importer(815301076,1909f56bfc062723c751e8b465ee728b)  -> (artifact id: '2ddd3c1f0b21188c90f5211f512ec13a') in 0.005853 seconds
  Import took 0.009982 seconds .

========================================================================
Received Import Request.
  Time since last request: 21.453752 seconds.
  path: Assets/Scenes/AllYouNeed.unity
  artifactKey: Guid(eb303bdf4f9a848efa817a283ba5fd7f) Importer(815301076,1909f56bfc062723c751e8b465ee728b)
Start importing Assets/Scenes/AllYouNeed.unity using Guid(eb303bdf4f9a848efa817a283ba5fd7f) Importer(815301076,1909f56bfc062723c751e8b465ee728b)  -> (artifact id: '0b895d03eca996d93fbaf512595c307f') in 0.017113 seconds
  Import took 0.019793 seconds .

========================================================================
Received Import Request.
  Time since last request: 108.713097 seconds.
  path: Assets/Fretboards/highway 1.png
  artifactKey: Guid(2c8875664db184f46af50c15645d8828) Importer(815301076,1909f56bfc062723c751e8b465ee728b)
Start importing Assets/Fretboards/highway 1.png using Guid(2c8875664db184f46af50c15645d8828) Importer(815301076,1909f56bfc062723c751e8b465ee728b)  -> (artifact id: '429ee2f6d8e16afc69dc851083fa41df') in 0.057609 seconds
  Import took 0.061004 seconds .

========================================================================
Received Import Request.
  Time since last request: 0.000274 seconds.
  path: Assets/Fretboards/highway.png
  artifactKey: Guid(a9aa64d17d47a46978097a542d5b77f6) Importer(815301076,1909f56bfc062723c751e8b465ee728b)
Start importing Assets/Fretboards/highway.png using Guid(a9aa64d17d47a46978097a542d5b77f6) Importer(815301076,1909f56bfc062723c751e8b465ee728b)  -> (artifact id: '82eb582e16bef702040bea264a0ed776') in 0.063701 seconds
  Import took 0.066361 seconds .

========================================================================
Received Import Request.
  Time since last request: 0.000256 seconds.
  path: Assets/Fretboards/highway_underneath.png
  artifactKey: Guid(1c139efd202f8409b8b9549b0c162c78) Importer(815301076,1909f56bfc062723c751e8b465ee728b)
Start importing Assets/Fretboards/highway_underneath.png using Guid(1c139efd202f8409b8b9549b0c162c78) Importer(815301076,1909f56bfc062723c751e8b465ee728b)  -> (artifact id: '95f2803d001cd95847d8660dc10a23d9') in 0.031493 seconds
  Import took 0.034339 seconds .

========================================================================
Received Import Request.
  Time since last request: 0.000782 seconds.
  path: Assets/Fretboards/highway_underneath.png
  artifactKey: Guid(1c139efd202f8409b8b9549b0c162c78) Importer(815301076,1909f56bfc062723c751e8b465ee728b)
Start importing Assets/Fretboards/highway_underneath.png using Guid(1c139efd202f8409b8b9549b0c162c78) Importer(815301076,1909f56bfc062723c751e8b465ee728b)  -> (artifact id: '95f2803d001cd95847d8660dc10a23d9') in 0.012911 seconds
  Import took 0.016579 seconds .

========================================================================
Received Import Request.
  Time since last request: 8.456899 seconds.
  path: Assets/Materials/0_sustain.mat
  artifactKey: Guid(bc2caeb2aa10dbf4a8bc7b4049820c51) Importer(815301076,1909f56bfc062723c751e8b465ee728b)
Start importing Assets/Materials/0_sustain.mat using Guid(bc2caeb2aa10dbf4a8bc7b4049820c51) Importer(815301076,1909f56bfc062723c751e8b465ee728b)  -> (artifact id: '219dbbf002f5be40f8e9b54137c9abc5') in 0.099207 seconds
  Import took 0.101849 seconds .

========================================================================
Received Import Request.
  Time since last request: 0.000272 seconds.
  path: Assets/Materials/white_1.mat
  artifactKey: Guid(3d62e4c9cf3dd274c841a50c2b7f563c) Importer(815301076,1909f56bfc062723c751e8b465ee728b)
Start importing Assets/Materials/white_1.mat using Guid(3d62e4c9cf3dd274c841a50c2b7f563c) Importer(815301076,1909f56bfc062723c751e8b465ee728b)  -> (artifact id: 'dfa0c3fdfa0b871514ed07557d9e7ad9') in 0.027633 seconds
  Import took 0.031077 seconds .

========================================================================
Received Import Request.
  Time since last request: 0.000374 seconds.
  path: Assets/Materials/black 1.mat
  artifactKey: Guid(ed921374ac3415f4984528e5dc034c67) Importer(815301076,1909f56bfc062723c751e8b465ee728b)
Start importing Assets/Materials/black 1.mat using Guid(ed921374ac3415f4984528e5dc034c67) Importer(815301076,1909f56bfc062723c751e8b465ee728b)  -> (artifact id: '781812e696085bb9457a5e2b9c234a73') in 0.267350 seconds
  Import took 0.270035 seconds .

========================================================================
Received Import Request.
  Time since last request: 0.000196 seconds.
  path: Assets/Materials/Starpower tail.mat
  artifactKey: Guid(257d8272b5abc04428d71b1188d475d3) Importer(815301076,1909f56bfc062723c751e8b465ee728b)
Start importing Assets/Materials/Starpower tail.mat using Guid(257d8272b5abc04428d71b1188d475d3) Importer(815301076,1909f56bfc062723c751e8b465ee728b)  -> (artifact id: 'a9bf51495e44d4376089e1f2ddf2a886') in 0.022397 seconds
  Import took 0.024801 seconds .

========================================================================
Received Import Request.
  Time since last request: 0.000359 seconds.
  path: Assets/Materials/lambert1.mat
  artifactKey: Guid(b8bcd0ab34772dc459ef4a860b9bbe86) Importer(815301076,1909f56bfc062723c751e8b465ee728b)
Start importing Assets/Materials/lambert1.mat using Guid(b8bcd0ab34772dc459ef4a860b9bbe86) Importer(815301076,1909f56bfc062723c751e8b465ee728b)  -> (artifact id: 'd0b8318841ac32061fd59a6fe39f9005') in 0.024181 seconds
  Import took 0.027255 seconds .

========================================================================
Received Import Request.
  Time since last request: 0.000155 seconds.
  path: Assets/Materials/blinn1.mat
  artifactKey: Guid(f9dd80f4162731c48b07c2d87029cbcb) Importer(815301076,1909f56bfc062723c751e8b465ee728b)
Start importing Assets/Materials/blinn1.mat using Guid(f9dd80f4162731c48b07c2d87029cbcb) Importer(815301076,1909f56bfc062723c751e8b465ee728b)  -> (artifact id: '16fab4638ec9a1881fd4da1d3aa7b180') in 0.021400 seconds
  Import took 0.023927 seconds .

========================================================================
Received Import Request.
  Time since last request: 0.000152 seconds.
  path: Assets/Materials/Group Select.mat
  artifactKey: Guid(e6cc0e6489b87e04297d0b07d651448f) Importer(815301076,1909f56bfc062723c751e8b465ee728b)
Start importing Assets/Materials/Group Select.mat using Guid(e6cc0e6489b87e04297d0b07d651448f) Importer(815301076,1909f56bfc062723c751e8b465ee728b)  -> (artifact id: '318e023242e34906c306968fa74933ca') in 0.020266 seconds
  Import took 0.022986 seconds .

========================================================================
Received Import Request.
  Time since last request: 0.000216 seconds.
  path: Assets/Materials/selected.mat
  artifactKey: Guid(c4dd70f97a0948f40ba1d4a47308f5b9) Importer(815301076,1909f56bfc062723c751e8b465ee728b)
Start importing Assets/Materials/selected.mat using Guid(c4dd70f97a0948f40ba1d4a47308f5b9) Importer(815301076,1909f56bfc062723c751e8b465ee728b)  -> (artifact id: 'a8bb97c9beb5468a7c661780b28a5763') in 0.021921 seconds
  Import took 0.024628 seconds .

========================================================================
Received Import Request.
  Time since last request: 0.000173 seconds.
  path: Assets/Materials/Nightmare_Hero_Normal.ttf
  artifactKey: Guid(a025ed69103e04b409aed38cab9d240b) Importer(815301076,1909f56bfc062723c751e8b465ee728b)
Start importing Assets/Materials/Nightmare_Hero_Normal.ttf using Guid(a025ed69103e04b409aed38cab9d240b) Importer(815301076,1909f56bfc062723c751e8b465ee728b)  -> (artifact id: 'e30afb31251182481f006902674f980f') in 0.039129 seconds
  Import took 0.041984 seconds .

========================================================================
Received Import Request.
  Time since last request: 0.000166 seconds.
  path: Assets/Materials/blinn2.mat
  artifactKey: Guid(5d892982ce0d42841a95b3dd43f589f7) Importer(815301076,1909f56bfc062723c751e8b465ee728b)
Start importing Assets/Materials/blinn2.mat using Guid(5d892982ce0d42841a95b3dd43f589f7) Importer(815301076,1909f56bfc062723c751e8b465ee728b)  -> (artifact id: '93528198ee1b781aaaeb38b6333c4844') in 0.023687 seconds
  Import took 0.027731 seconds .

========================================================================
Received Import Request.
  Time since last request: 0.000174 seconds.
  path: Assets/Materials/hover.mat
  artifactKey: Guid(dbe80b5fcad002a48a0774846db9dd73) Importer(815301076,1909f56bfc062723c751e8b465ee728b)
Start importing Assets/Materials/hover.mat using Guid(dbe80b5fcad002a48a0774846db9dd73) Importer(815301076,1909f56bfc062723c751e8b465ee728b)  -> (artifact id: '50ba79dae3526bb6243d3f35fa94f1e5') in 0.021222 seconds
  Import took 0.023894 seconds .

========================================================================
Received Import Request.
  Time since last request: 0.000185 seconds.
  path: Assets/Materials/strikelineGlow.mat
  artifactKey: Guid(de829bc3aba49d44fbef976dc1812c66) Importer(815301076,1909f56bfc062723c751e8b465ee728b)
Start importing Assets/Materials/strikelineGlow.mat using Guid(de829bc3aba49d44fbef976dc1812c66) Importer(815301076,1909f56bfc062723c751e8b465ee728b)  -> (artifact id: 'f7cd608b1139705c1385cf2773fb7c69') in 0.022295 seconds
  Import took 0.026001 seconds .

========================================================================
Received Import Request.
  Time since last request: 0.000166 seconds.
  path: Assets/Materials/Line.mat
  artifactKey: Guid(0f3405913c4bfe34b815cebc0271af72) Importer(815301076,1909f56bfc062723c751e8b465ee728b)
Start importing Assets/Materials/Line.mat using Guid(0f3405913c4bfe34b815cebc0271af72) Importer(815301076,1909f56bfc062723c751e8b465ee728b)  -> (artifact id: '8237f2543c8c0408c662e0a02d51fb3a') in 0.022701 seconds
  Import took 0.025534 seconds .

========================================================================
Received Import Request.
  Time since last request: 0.000174 seconds.
  path: Assets/Materials/sustain_blank_open.mat
  artifactKey: Guid(9240cca874075e844912b685bf382492) Importer(815301076,1909f56bfc062723c751e8b465ee728b)
Start importing Assets/Materials/sustain_blank_open.mat using Guid(9240cca874075e844912b685bf382492) Importer(815301076,1909f56bfc062723c751e8b465ee728b)  -> (artifact id: '16e5f1c8856d4583a0f5ede32fde4141') in 0.021618 seconds
  Import took 0.024497 seconds .

========================================================================
Received Import Request.
  Time since last request: 0.000154 seconds.
  path: Assets/Materials/highwayRailGlow.mat
  artifactKey: Guid(bce2186323fc59a4da39b370400c2285) Importer(815301076,1909f56bfc062723c751e8b465ee728b)
Start importing Assets/Materials/highwayRailGlow.mat using Guid(bce2186323fc59a4da39b370400c2285) Importer(815301076,1909f56bfc062723c751e8b465ee728b)  -> (artifact id: 'a2702cb7a049db5527a4ba75cfad1aed') in 0.020843 seconds
  Import took 0.023501 seconds .

========================================================================
Received Import Request.
  Time since last request: 0.000169 seconds.
  path: Assets/Materials/SpriteBillboard.mat
  artifactKey: Guid(9177acf4480acb246a9e365bffdc7635) Importer(815301076,1909f56bfc062723c751e8b465ee728b)
Start importing Assets/Materials/SpriteBillboard.mat using Guid(9177acf4480acb246a9e365bffdc7635) Importer(815301076,1909f56bfc062723c751e8b465ee728b)  -> (artifact id: 'd339d33724bea4898edd910400511995') in 0.019836 seconds
  Import took 0.023002 seconds .

========================================================================
Received Import Request.
  Time since last request: 0.000162 seconds.
  path: Assets/Materials/BeatLine.mat
  artifactKey: Guid(4780696cf9b344d439d2ef069271aa88) Importer(815301076,1909f56bfc062723c751e8b465ee728b)
Start importing Assets/Materials/BeatLine.mat using Guid(4780696cf9b344d439d2ef069271aa88) Importer(815301076,1909f56bfc062723c751e8b465ee728b)  -> (artifact id: '291aafed28cee0d60644533389209bce') in 0.030205 seconds
  Import took 0.033207 seconds .

========================================================================
Received Import Request.
  Time since last request: 0.603959 seconds.
  path: Assets/Input/InputActions.inputactions
  artifactKey: Guid(29489e04067254f53865cf89948fd48e) Importer(815301076,1909f56bfc062723c751e8b465ee728b)
Start importing Assets/Input/InputActions.inputactions using Guid(29489e04067254f53865cf89948fd48e) Importer(815301076,1909f56bfc062723c751e8b465ee728b)  -> (artifact id: '5a70a3b4f966d8555c2dd420cd517f6a') in 0.017441 seconds
  Import took 0.020625 seconds .

========================================================================
Received Import Request.
  Time since last request: 1.278773 seconds.
  path: Assets/Highway/beatline1.png
  artifactKey: Guid(92749d3532dc84949b6efeb4c338f707) Importer(815301076,1909f56bfc062723c751e8b465ee728b)
Start importing Assets/Highway/beatline1.png using Guid(92749d3532dc84949b6efeb4c338f707) Importer(815301076,1909f56bfc062723c751e8b465ee728b)  -> (artifact id: '6a232273096f75ad19ac80d4992d5729') in 0.021102 seconds
  Import took 0.023833 seconds .

========================================================================
Received Import Request.
  Time since last request: 0.000452 seconds.
  path: Assets/Highway/indicator_yellow.png
  artifactKey: Guid(b81e46d155d182f47b4a69e081cf87a6) Importer(815301076,1909f56bfc062723c751e8b465ee728b)
Start importing Assets/Highway/indicator_yellow.png using Guid(b81e46d155d182f47b4a69e081cf87a6) Importer(815301076,1909f56bfc062723c751e8b465ee728b)  -> (artifact id: '624b1d77e73c67dfbd2dc528e2a4ad33') in 0.035779 seconds
  Import took 0.038462 seconds .

========================================================================
Received Import Request.
  Time since last request: 0.000289 seconds.
  path: Assets/Highway/strike_green.png
  artifactKey: Guid(7fe617cd2b86f8046a077d2d90e9e227) Importer(815301076,1909f56bfc062723c751e8b465ee728b)
Start importing Assets/Highway/strike_green.png using Guid(7fe617cd2b86f8046a077d2d90e9e227) Importer(815301076,1909f56bfc062723c751e8b465ee728b)  -> (artifact id: '8f270184aa7c409b1a2b592478ca6610') in 0.027532 seconds
  Import took 0.030740 seconds .

========================================================================
Received Import Request.
  Time since last request: 0.000235 seconds.
  path: Assets/Highway/white_1.png
  artifactKey: Guid(6faa3fab20492d946a2aa03eb04d96eb) Importer(815301076,1909f56bfc062723c751e8b465ee728b)
Start importing Assets/Highway/white_1.png using Guid(6faa3fab20492d946a2aa03eb04d96eb) Importer(815301076,1909f56bfc062723c751e8b465ee728b)  -> (artifact id: 'c673c7265372ad96288c3ab636fb9834') in 0.025579 seconds
  Import took 0.028538 seconds .

========================================================================
Received Import Request.
  Time since last request: 0.000162 seconds.
  path: Assets/Highway/cursor_arrow.png
  artifactKey: Guid(09482597c3b62884babb7698a51e51c9) Importer(815301076,1909f56bfc062723c751e8b465ee728b)
Start importing Assets/Highway/cursor_arrow.png using Guid(09482597c3b62884babb7698a51e51c9) Importer(815301076,1909f56bfc062723c751e8b465ee728b)  -> (artifact id: '7b65ecf9a8a5c2339cd447b952ba86b1') in 0.024070 seconds
  Import took 0.027020 seconds .

========================================================================
Received Import Request.
  Time since last request: 0.000175 seconds.
  path: Assets/Highway/indicator_orange.png
  artifactKey: Guid(cb213abb86cabf349af69a929c194e21) Importer(815301076,1909f56bfc062723c751e8b465ee728b)
Start importing Assets/Highway/indicator_orange.png using Guid(cb213abb86cabf349af69a929c194e21) Importer(815301076,1909f56bfc062723c751e8b465ee728b)  -> (artifact id: '936f48d2c5d02bd27a0c705b49a0ac43') in 0.023949 seconds
  Import took 0.027350 seconds .

========================================================================
Received Import Request.
  Time since last request: 0.000191 seconds.
  path: Assets/Highway/indicator_white.png
  artifactKey: Guid(15a631f238d13ff4383d6ad7b856c5dd) Importer(815301076,1909f56bfc062723c751e8b465ee728b)
Start importing Assets/Highway/indicator_white.png using Guid(15a631f238d13ff4383d6ad7b856c5dd) Importer(815301076,1909f56bfc062723c751e8b465ee728b)  -> (artifact id: 'ac3d7ff15b3d58b393d02c8db344574f') in 0.023995 seconds
  Import took 0.026738 seconds .

========================================================================
Received Import Request.
  Time since last request: 0.000166 seconds.
  path: Assets/Highway/bg_mask.png
  artifactKey: Guid(994bd8b7d0fdd9b4e8feb967e70cf50c) Importer(815301076,1909f56bfc062723c751e8b465ee728b)
Start importing Assets/Highway/bg_mask.png using Guid(994bd8b7d0fdd9b4e8feb967e70cf50c) Importer(815301076,1909f56bfc062723c751e8b465ee728b)  -> (artifact id: '355629383f555b0e1c458e04c0b681e6') in 0.042373 seconds
  Import took 0.044779 seconds .

========================================================================
Received Import Request.
  Time since last request: 0.000300 seconds.
  path: Assets/Highway/strike_blue.png
  artifactKey: Guid(b5525eb9943260641918f5d73bed510a) Importer(815301076,1909f56bfc062723c751e8b465ee728b)
Start importing Assets/Highway/strike_blue.png using Guid(b5525eb9943260641918f5d73bed510a) Importer(815301076,1909f56bfc062723c751e8b465ee728b)  -> (artifact id: '870a7d6b50802eea755c785ee392f122') in 0.017535 seconds
  Import took 0.020243 seconds .

========================================================================
Received Import Request.
  Time since last request: 0.000177 seconds.
  path: Assets/Highway/indicator_green.png
  artifactKey: Guid(ec73f66d5c1c0424790ea372715d9389) Importer(815301076,1909f56bfc062723c751e8b465ee728b)
Start importing Assets/Highway/indicator_green.png using Guid(ec73f66d5c1c0424790ea372715d9389) Importer(815301076,1909f56bfc062723c751e8b465ee728b)  -> (artifact id: 'd04f72314c29c8113a3ba3b11ea6a892') in 0.017265 seconds
  Import took 0.019975 seconds .

========================================================================
Received Import Request.
  Time since last request: 0.000186 seconds.
  path: Assets/Highway/strike_yellow.png
  artifactKey: Guid(bbd88df8ced0e8d42872609d3991120a) Importer(815301076,1909f56bfc062723c751e8b465ee728b)
Start importing Assets/Highway/strike_yellow.png using Guid(bbd88df8ced0e8d42872609d3991120a) Importer(815301076,1909f56bfc062723c751e8b465ee728b)  -> (artifact id: '7515c9ae1741840f968dba51a6371374') in 0.018044 seconds
  Import took 0.020824 seconds .

========================================================================
Received Import Request.
  Time since last request: 0.000187 seconds.
  path: Assets/Highway/beatline2.png
  artifactKey: Guid(90a06fcc35d7f8143aa2012101db3bf1) Importer(815301076,1909f56bfc062723c751e8b465ee728b)
Start importing Assets/Highway/beatline2.png using Guid(90a06fcc35d7f8143aa2012101db3bf1) Importer(815301076,1909f56bfc062723c751e8b465ee728b)  -> (artifact id: '31fcf9b5cd17d38e0aa2409baa6bb084') in 0.021775 seconds
  Import took 0.024659 seconds .

========================================================================
Received Import Request.
  Time since last request: 0.000169 seconds.
  path: Assets/Highway/strike_orange.png
  artifactKey: Guid(c917bc9f09e9bd341adc743166b5d050) Importer(815301076,1909f56bfc062723c751e8b465ee728b)
Start importing Assets/Highway/strike_orange.png using Guid(c917bc9f09e9bd341adc743166b5d050) Importer(815301076,1909f56bfc062723c751e8b465ee728b)  -> (artifact id: '39b11a04054440656a255f54bf0bc77c') in 0.024716 seconds
  Import took 0.027444 seconds .

========================================================================
Received Import Request.
  Time since last request: 0.000300 seconds.
  path: Assets/Highway/strike_white.png
  artifactKey: Guid(040ad8f37e505df42af0ed4111cdfc16) Importer(815301076,1909f56bfc062723c751e8b465ee728b)
Start importing Assets/Highway/strike_white.png using Guid(040ad8f37e505df42af0ed4111cdfc16) Importer(815301076,1909f56bfc062723c751e8b465ee728b)  -> (artifact id: '66e0d61c9d554de9d95d54bdb8542b96') in 0.028059 seconds
  Import took 0.031163 seconds .

========================================================================
Received Import Request.
  Time since last request: 0.000144 seconds.
  path: Assets/Highway/beatline3.png
  artifactKey: Guid(cd1b1228d385a3647912a4ac9af76d8b) Importer(815301076,1909f56bfc062723c751e8b465ee728b)
Start importing Assets/Highway/beatline3.png using Guid(cd1b1228d385a3647912a4ac9af76d8b) Importer(815301076,1909f56bfc062723c751e8b465ee728b)  -> (artifact id: 'edf6b5675616257d29d0395e9c0dc086') in 0.022460 seconds
  Import took 0.026700 seconds .

========================================================================
Received Import Request.
  Time since last request: 0.000244 seconds.
  path: Assets/Highway/indicator_red.png
  artifactKey: Guid(cef3c0b3fb53c6b4dbd1d03b9a60882d) Importer(815301076,1909f56bfc062723c751e8b465ee728b)
Start importing Assets/Highway/indicator_red.png using Guid(cef3c0b3fb53c6b4dbd1d03b9a60882d) Importer(815301076,1909f56bfc062723c751e8b465ee728b)  -> (artifact id: '43cb850b2a31df1b74f989a2b6ddedfe') in 0.017755 seconds
  Import took 0.021022 seconds .

========================================================================
Received Import Request.
  Time since last request: 0.000060 seconds.
  path: Assets/Highway/indicator_blue.png
  artifactKey: Guid(3601b51f33857ce49bd611e9debc44db) Importer(815301076,1909f56bfc062723c751e8b465ee728b)
Start importing Assets/Highway/indicator_blue.png using Guid(3601b51f33857ce49bd611e9debc44db) Importer(815301076,1909f56bfc062723c751e8b465ee728b)  -> (artifact id: 'e9d83e7fc0320e7d12b68161d9b8a6cc') in 0.017220 seconds
  Import took 0.020552 seconds .

========================================================================
Received Import Request.
  Time since last request: 0.000168 seconds.
  path: Assets/Highway/strike_red.png
  artifactKey: Guid(631498775bafd90438135f2f3218ed6e) Importer(815301076,1909f56bfc062723c751e8b465ee728b)
Start importing Assets/Highway/strike_red.png using Guid(631498775bafd90438135f2f3218ed6e) Importer(815301076,1909f56bfc062723c751e8b465ee728b)  -> (artifact id: '336cb03967c4321c5eedfc0ae8994d7a') in 0.025592 seconds
  Import took 0.028756 seconds .

========================================================================
Received Import Request.
  Time since last request: 0.000174 seconds.
  path: Assets/Highway/highwayRail.png
  artifactKey: Guid(7dd6b00aeed375141936bffd74af8c3b) Importer(815301076,1909f56bfc062723c751e8b465ee728b)
Start importing Assets/Highway/highwayRail.png using Guid(7dd6b00aeed375141936bffd74af8c3b) Importer(815301076,1909f56bfc062723c751e8b465ee728b)  -> (artifact id: '0d6bb64fa5be711323b0bd18c4179489') in 0.036773 seconds
  Import took 0.039228 seconds .

========================================================================
Received Import Request.
  Time since last request: 73.836918 seconds.
  path: Assets/Scripts/MainMenu.cs
  artifactKey: Guid(3b0a8cf112ea74294b4099ba0d84486c) Importer(815301076,1909f56bfc062723c751e8b465ee728b)
Start importing Assets/Scripts/MainMenu.cs using Guid(3b0a8cf112ea74294b4099ba0d84486c) Importer(815301076,1909f56bfc062723c751e8b465ee728b)  -> (artifact id: 'eb078462086ae9f30243ea3e4958e2a4') in 0.008536 seconds
  Import took 0.011714 seconds .

========================================================================
Received Prepare
Registering precompiled user dll's ...
Registered in 0.000887 seconds.
Begin MonoManager ReloadAssembly
Native extension for WindowsStandalone target not found
Native extension for WebGL target not found
Refreshing native plugins compatible for Editor in 0.28 ms, found 0 plugins.
Preloading 0 native plugins for Editor in 0.00 ms.
Invoked RoslynAnalysisRunner static constructor.
RoslynAnalysisRunner will not be running.
RoslynAnalysisRunner has terminated.
Mono: successfully reloaded assembly
- Completed reload, in  0.993 seconds
Platform modules already initialized, skipping
Refreshing native plugins compatible for Editor in 0.37 ms, found 0 plugins.
Preloading 0 native plugins for Editor in 0.00 ms.
Unloading 1458 Unused Serialized files (Serialized files now loaded: 0)
System memory in use before: 74.9 MB.
System memory in use after: 75.0 MB.

Unloading 4 unused Assets to reduce memory usage. Loaded Objects now: 1989.
Total: 1.748000 ms (FindLiveObjects: 0.157700 ms CreateObjectMapping: 0.050300 ms MarkObjects: 1.522600 ms  DeleteObjects: 0.016400 ms)

========================================================================
Received Prepare
Registering precompiled user dll's ...
Registered in 0.000878 seconds.
Begin MonoManager ReloadAssembly
Native extension for WindowsStandalone target not found
Native extension for WebGL target not found
Refreshing native plugins compatible for Editor in 0.30 ms, found 0 plugins.
Preloading 0 native plugins for Editor in 0.00 ms.
Invoked RoslynAnalysisRunner static constructor.
RoslynAnalysisRunner will not be running.
RoslynAnalysisRunner has terminated.
Mono: successfully reloaded assembly
- Completed reload, in  1.017 seconds
Platform modules already initialized, skipping
Refreshing native plugins compatible for Editor in 0.32 ms, found 0 plugins.
Preloading 0 native plugins for Editor in 0.00 ms.
Unloading 1458 Unused Serialized files (Serialized files now loaded: 0)
System memory in use before: 74.9 MB.
System memory in use after: 75.0 MB.

Unloading 4 unused Assets to reduce memory usage. Loaded Objects now: 1992.
Total: 1.946100 ms (FindLiveObjects: 0.163600 ms CreateObjectMapping: 0.045000 ms MarkObjects: 1.723100 ms  DeleteObjects: 0.013100 ms)

========================================================================
Received Import Request.
  Time since last request: 207.359172 seconds.
  path: Assets/Scripts/MainMenu.cs
  artifactKey: Guid(3b0a8cf112ea74294b4099ba0d84486c) Importer(815301076,1909f56bfc062723c751e8b465ee728b)
Start importing Assets/Scripts/MainMenu.cs using Guid(3b0a8cf112ea74294b4099ba0d84486c) Importer(815301076,1909f56bfc062723c751e8b465ee728b)  -> (artifact id: 'b6cdfee5f788cfd1b2bc57b649995f12') in 0.005298 seconds
  Import took 0.008025 seconds .

========================================================================
Received Prepare
Registering precompiled user dll's ...
Registered in 0.001111 seconds.
Begin MonoManager ReloadAssembly
Native extension for WindowsStandalone target not found
Native extension for WebGL target not found
Refreshing native plugins compatible for Editor in 0.33 ms, found 0 plugins.
Preloading 0 native plugins for Editor in 0.00 ms.
Invoked RoslynAnalysisRunner static constructor.
RoslynAnalysisRunner will not be running.
RoslynAnalysisRunner has terminated.
Mono: successfully reloaded assembly
- Completed reload, in  0.989 seconds
Platform modules already initialized, skipping
Refreshing native plugins compatible for Editor in 0.29 ms, found 0 plugins.
Preloading 0 native plugins for Editor in 0.00 ms.
Unloading 1458 Unused Serialized files (Serialized files now loaded: 0)
System memory in use before: 74.9 MB.
System memory in use after: 75.0 MB.

Unloading 4 unused Assets to reduce memory usage. Loaded Objects now: 1995.
Total: 2.542800 ms (FindLiveObjects: 0.161200 ms CreateObjectMapping: 0.048300 ms MarkObjects: 2.295500 ms  DeleteObjects: 0.036800 ms)

========================================================================
Received Import Request.
  Time since last request: 93.617981 seconds.
  path: Assets/Scripts/MainMenu.cs
  artifactKey: Guid(3b0a8cf112ea74294b4099ba0d84486c) Importer(815301076,1909f56bfc062723c751e8b465ee728b)
Start importing Assets/Scripts/MainMenu.cs using Guid(3b0a8cf112ea74294b4099ba0d84486c) Importer(815301076,1909f56bfc062723c751e8b465ee728b)  -> (artifact id: 'd67d9699819b7fb8afff86ae54ebf3da') in 0.006619 seconds
  Import took 0.011610 seconds .

========================================================================
Received Prepare
Registering precompiled user dll's ...
Registered in 0.000989 seconds.
Begin MonoManager ReloadAssembly
Native extension for WindowsStandalone target not found
Native extension for WebGL target not found
Refreshing native plugins compatible for Editor in 0.31 ms, found 0 plugins.
Preloading 0 native plugins for Editor in 0.00 ms.
Invoked RoslynAnalysisRunner static constructor.
RoslynAnalysisRunner will not be running.
RoslynAnalysisRunner has terminated.
Mono: successfully reloaded assembly
- Completed reload, in  0.919 seconds
Platform modules already initialized, skipping
Refreshing native plugins compatible for Editor in 0.56 ms, found 0 plugins.
Preloading 0 native plugins for Editor in 0.00 ms.
Unloading 1458 Unused Serialized files (Serialized files now loaded: 0)
System memory in use before: 74.9 MB.
System memory in use after: 75.0 MB.

Unloading 4 unused Assets to reduce memory usage. Loaded Objects now: 1998.
Total: 1.829100 ms (FindLiveObjects: 0.158000 ms CreateObjectMapping: 0.051800 ms MarkObjects: 1.570700 ms  DeleteObjects: 0.047500 ms)

========================================================================
Received Import Request.
  Time since last request: 168.692103 seconds.
  path: Assets/Scripts/MainMenu.cs
  artifactKey: Guid(3b0a8cf112ea74294b4099ba0d84486c) Importer(815301076,1909f56bfc062723c751e8b465ee728b)
Start importing Assets/Scripts/MainMenu.cs using Guid(3b0a8cf112ea74294b4099ba0d84486c) Importer(815301076,1909f56bfc062723c751e8b465ee728b)  -> (artifact id: 'f256eb5c8eb29368d0f534beae56bb2c') in 0.005203 seconds
  Import took 0.008801 seconds .

========================================================================
Received Prepare
Registering precompiled user dll's ...
Registered in 0.000812 seconds.
Begin MonoManager ReloadAssembly
Native extension for WindowsStandalone target not found
Native extension for WebGL target not found
Refreshing native plugins compatible for Editor in 0.43 ms, found 0 plugins.
Preloading 0 native plugins for Editor in 0.00 ms.
Invoked RoslynAnalysisRunner static constructor.
RoslynAnalysisRunner will not be running.
RoslynAnalysisRunner has terminated.
Mono: successfully reloaded assembly
- Completed reload, in  0.882 seconds
Platform modules already initialized, skipping
Refreshing native plugins compatible for Editor in 0.32 ms, found 0 plugins.
Preloading 0 native plugins for Editor in 0.00 ms.
Unloading 1458 Unused Serialized files (Serialized files now loaded: 0)
System memory in use before: 74.9 MB.
System memory in use after: 75.0 MB.

Unloading 4 unused Assets to reduce memory usage. Loaded Objects now: 2001.
Total: 2.101800 ms (FindLiveObjects: 0.160100 ms CreateObjectMapping: 0.051500 ms MarkObjects: 1.852700 ms  DeleteObjects: 0.036300 ms)

========================================================================
Received Import Request.
  Time since last request: 376.674405 seconds.
  path: Assets/Scripts/MainMenu.cs
  artifactKey: Guid(3b0a8cf112ea74294b4099ba0d84486c) Importer(815301076,1909f56bfc062723c751e8b465ee728b)
Start importing Assets/Scripts/MainMenu.cs using Guid(3b0a8cf112ea74294b4099ba0d84486c) Importer(815301076,1909f56bfc062723c751e8b465ee728b)  -> (artifact id: 'f02a8534aeb99350bd74bca692beb2ad') in 0.007521 seconds
  Import took 0.010340 seconds .

========================================================================
Received Import Request.
  Time since last request: 0.000387 seconds.
  path: Assets/Scripts/MainMenu.cs
  artifactKey: Guid(3b0a8cf112ea74294b4099ba0d84486c) Importer(815301076,1909f56bfc062723c751e8b465ee728b)
Start importing Assets/Scripts/MainMenu.cs using Guid(3b0a8cf112ea74294b4099ba0d84486c) Importer(815301076,1909f56bfc062723c751e8b465ee728b)  -> (artifact id: 'f02a8534aeb99350bd74bca692beb2ad') in 0.003207 seconds
  Import took 0.006359 seconds .

========================================================================
Received Prepare
Registering precompiled user dll's ...
Registered in 0.000985 seconds.
Begin MonoManager ReloadAssembly
Native extension for WindowsStandalone target not found
Native extension for WebGL target not found
Refreshing native plugins compatible for Editor in 0.75 ms, found 0 plugins.
Preloading 0 native plugins for Editor in 0.00 ms.
Invoked RoslynAnalysisRunner static constructor.
RoslynAnalysisRunner will not be running.
RoslynAnalysisRunner has terminated.
Mono: successfully reloaded assembly
- Completed reload, in  1.394 seconds
Platform modules already initialized, skipping
Refreshing native plugins compatible for Editor in 0.40 ms, found 0 plugins.
Preloading 0 native plugins for Editor in 0.00 ms.
Unloading 1458 Unused Serialized files (Serialized files now loaded: 0)
System memory in use before: 74.9 MB.
System memory in use after: 75.0 MB.

Unloading 4 unused Assets to reduce memory usage. Loaded Objects now: 2004.
Total: 2.992400 ms (FindLiveObjects: 0.200500 ms CreateObjectMapping: 0.069700 ms MarkObjects: 2.701100 ms  DeleteObjects: 0.019200 ms)

========================================================================
Received Prepare
Registering precompiled user dll's ...
Registered in 0.000882 seconds.
Begin MonoManager ReloadAssembly
Native extension for WindowsStandalone target not found
Native extension for WebGL target not found
Refreshing native plugins compatible for Editor in 0.28 ms, found 0 plugins.
Preloading 0 native plugins for Editor in 0.00 ms.
Invoked RoslynAnalysisRunner static constructor.
RoslynAnalysisRunner will not be running.
RoslynAnalysisRunner has terminated.
Mono: successfully reloaded assembly
- Completed reload, in  0.928 seconds
Platform modules already initialized, skipping
Refreshing native plugins compatible for Editor in 0.31 ms, found 0 plugins.
Preloading 0 native plugins for Editor in 0.00 ms.
Unloading 1458 Unused Serialized files (Serialized files now loaded: 0)
System memory in use before: 74.9 MB.
System memory in use after: 75.0 MB.

Unloading 4 unused Assets to reduce memory usage. Loaded Objects now: 2007.
Total: 6.014200 ms (FindLiveObjects: 0.175900 ms CreateObjectMapping: 0.055500 ms MarkObjects: 5.740200 ms  DeleteObjects: 0.041600 ms)

========================================================================
Received Prepare
Registering precompiled user dll's ...
Registered in 0.001223 seconds.
Begin MonoManager ReloadAssembly
Native extension for WindowsStandalone target not found
Native extension for WebGL target not found
Refreshing native plugins compatible for Editor in 0.40 ms, found 0 plugins.
Preloading 0 native plugins for Editor in 0.00 ms.
Invoked RoslynAnalysisRunner static constructor.
RoslynAnalysisRunner will not be running.
RoslynAnalysisRunner has terminated.
Mono: successfully reloaded assembly
- Completed reload, in  0.974 seconds
Platform modules already initialized, skipping
Refreshing native plugins compatible for Editor in 0.51 ms, found 0 plugins.
Preloading 0 native plugins for Editor in 0.00 ms.
Unloading 1460 Unused Serialized files (Serialized files now loaded: 0)
System memory in use before: 75.2 MB.
System memory in use after: 75.3 MB.

Unloading 4 unused Assets to reduce memory usage. Loaded Objects now: 2012.
Total: 1.930800 ms (FindLiveObjects: 0.147900 ms CreateObjectMapping: 0.045800 ms MarkObjects: 1.707800 ms  DeleteObjects: 0.027800 ms)

========================================================================
Received Prepare
Registering precompiled user dll's ...
Registered in 0.001382 seconds.
Begin MonoManager ReloadAssembly
Native extension for WindowsStandalone target not found
Native extension for WebGL target not found
Refreshing native plugins compatible for Editor in 0.43 ms, found 0 plugins.
Preloading 0 native plugins for Editor in 0.00 ms.
Invoked RoslynAnalysisRunner static constructor.
RoslynAnalysisRunner will not be running.
RoslynAnalysisRunner has terminated.
Mono: successfully reloaded assembly
- Completed reload, in  1.067 seconds
Platform modules already initialized, skipping
Refreshing native plugins compatible for Editor in 0.29 ms, found 0 plugins.
Preloading 0 native plugins for Editor in 0.00 ms.
Unloading 1460 Unused Serialized files (Serialized files now loaded: 0)
System memory in use before: 75.2 MB.
System memory in use after: 75.4 MB.

Unloading 4 unused Assets to reduce memory usage. Loaded Objects now: 2015.
Total: 1.664400 ms (FindLiveObjects: 0.169600 ms CreateObjectMapping: 0.051200 ms MarkObjects: 1.426200 ms  DeleteObjects: 0.015900 ms)

========================================================================
Received Import Request.
  Time since last request: 437.332138 seconds.
  path: Assets/Scripts/Press_Green.cs
  artifactKey: Guid(3e2a56ebc859045e68fbc5ffe2b9565d) Importer(815301076,1909f56bfc062723c751e8b465ee728b)
Start importing Assets/Scripts/Press_Green.cs using Guid(3e2a56ebc859045e68fbc5ffe2b9565d) Importer(815301076,1909f56bfc062723c751e8b465ee728b)  -> (artifact id: '383c4541f88bbacbace1f1d61fe8b7b6') in 0.008450 seconds
  Import took 0.011681 seconds .

========================================================================
Received Prepare
Registering precompiled user dll's ...
Registered in 0.000855 seconds.
Begin MonoManager ReloadAssembly
Native extension for WindowsStandalone target not found
Native extension for WebGL target not found
Refreshing native plugins compatible for Editor in 0.28 ms, found 0 plugins.
Preloading 0 native plugins for Editor in 0.00 ms.
Invoked RoslynAnalysisRunner static constructor.
RoslynAnalysisRunner will not be running.
RoslynAnalysisRunner has terminated.
Mono: successfully reloaded assembly
- Completed reload, in  0.964 seconds
Platform modules already initialized, skipping
Refreshing native plugins compatible for Editor in 0.31 ms, found 0 plugins.
Preloading 0 native plugins for Editor in 0.00 ms.
Unloading 1460 Unused Serialized files (Serialized files now loaded: 0)
System memory in use before: 75.3 MB.
System memory in use after: 75.4 MB.

Unloading 4 unused Assets to reduce memory usage. Loaded Objects now: 2018.
Total: 2.285600 ms (FindLiveObjects: 0.185100 ms CreateObjectMapping: 0.045300 ms MarkObjects: 2.004200 ms  DeleteObjects: 0.038000 ms)

========================================================================
Received Import Request.
  Time since last request: 278.973652 seconds.
  path: Assets/Scenes/AllYouNeed.unity
  artifactKey: Guid(bfb321a3fdf8e4001b2f8744a6e1e1ce) Importer(815301076,1909f56bfc062723c751e8b465ee728b)
Start importing Assets/Scenes/AllYouNeed.unity using Guid(bfb321a3fdf8e4001b2f8744a6e1e1ce) Importer(815301076,1909f56bfc062723c751e8b465ee728b)  -> (artifact id: '32823d53129d68e219d66c6476a211e6') in 0.017108 seconds
  Import took 0.019893 seconds .

========================================================================
Received Prepare
Registering precompiled user dll's ...
Registered in 0.000978 seconds.
Begin MonoManager ReloadAssembly
Native extension for WindowsStandalone target not found
Native extension for WebGL target not found
Refreshing native plugins compatible for Editor in 0.34 ms, found 0 plugins.
Preloading 0 native plugins for Editor in 0.00 ms.
Invoked RoslynAnalysisRunner static constructor.
RoslynAnalysisRunner will not be running.
RoslynAnalysisRunner has terminated.
Mono: successfully reloaded assembly
- Completed reload, in  0.942 seconds
Platform modules already initialized, skipping
Refreshing native plugins compatible for Editor in 0.30 ms, found 0 plugins.
Preloading 0 native plugins for Editor in 0.00 ms.
Unloading 1461 Unused Serialized files (Serialized files now loaded: 0)
System memory in use before: 75.3 MB.
System memory in use after: 75.4 MB.

Unloading 4 unused Assets to reduce memory usage. Loaded Objects now: 2022.
Total: 1.921700 ms (FindLiveObjects: 0.170100 ms CreateObjectMapping: 0.055900 ms MarkObjects: 1.679100 ms  DeleteObjects: 0.014800 ms)

========================================================================
Received Import Request.
  Time since last request: 65.948059 seconds.
  path: Assets/NewAudioMixer.mixer
  artifactKey: Guid(df0c1dbe975db4fa3824380c1ca8c361) Importer(815301076,1909f56bfc062723c751e8b465ee728b)
Start importing Assets/NewAudioMixer.mixer using Guid(df0c1dbe975db4fa3824380c1ca8c361) Importer(815301076,1909f56bfc062723c751e8b465ee728b)  -> (artifact id: '6e9c3432593b0147710b465ded665ca7') in 0.021367 seconds
  Import took 0.025426 seconds .

========================================================================
Received Import Request.
  Time since last request: 0.000160 seconds.
  path: Assets/Nightmare_Hero_Normal SDF.asset
  artifactKey: Guid(16b8946a3535d4db6b1b42a6277fed01) Importer(815301076,1909f56bfc062723c751e8b465ee728b)
Start importing Assets/Nightmare_Hero_Normal SDF.asset using Guid(16b8946a3535d4db6b1b42a6277fed01) Importer(815301076,1909f56bfc062723c751e8b465ee728b)  -> (artifact id: 'fc6292a17a48c376f1d91e852dab8f7e') in 0.120567 seconds
  Import took 0.124055 seconds .

========================================================================
Received Import Request.
  Time since last request: 0.001332 seconds.
  path: Assets/NewAudioMixer.mixer
  artifactKey: Guid(df0c1dbe975db4fa3824380c1ca8c361) Importer(815301076,1909f56bfc062723c751e8b465ee728b)
Start importing Assets/NewAudioMixer.mixer using Guid(df0c1dbe975db4fa3824380c1ca8c361) Importer(815301076,1909f56bfc062723c751e8b465ee728b)  -> (artifact id: '6e9c3432593b0147710b465ded665ca7') in 0.008471 seconds
  Import took 0.011746 seconds .

========================================================================
Received Import Request.
  Time since last request: 0.000210 seconds.
  path: Assets/Nightmare_Hero_Normal SDF.asset
  artifactKey: Guid(16b8946a3535d4db6b1b42a6277fed01) Importer(815301076,1909f56bfc062723c751e8b465ee728b)
Start importing Assets/Nightmare_Hero_Normal SDF.asset using Guid(16b8946a3535d4db6b1b42a6277fed01) Importer(815301076,1909f56bfc062723c751e8b465ee728b)  -> (artifact id: 'fc6292a17a48c376f1d91e852dab8f7e') in 0.028953 seconds
  Import took 0.032508 seconds .

========================================================================
Received Prepare
Registering precompiled user dll's ...
Registered in 0.000948 seconds.
Begin MonoManager ReloadAssembly
Native extension for WindowsStandalone target not found
Native extension for WebGL target not found
Refreshing native plugins compatible for Editor in 0.39 ms, found 0 plugins.
Preloading 0 native plugins for Editor in 0.00 ms.
Invoked RoslynAnalysisRunner static constructor.
RoslynAnalysisRunner will not be running.
RoslynAnalysisRunner has terminated.
Mono: successfully reloaded assembly
- Completed reload, in  0.954 seconds
Platform modules already initialized, skipping
Refreshing native plugins compatible for Editor in 0.38 ms, found 0 plugins.
Preloading 0 native plugins for Editor in 0.00 ms.
Unloading 1461 Unused Serialized files (Serialized files now loaded: 0)
System memory in use before: 75.3 MB.
System memory in use after: 75.4 MB.

Unloading 4 unused Assets to reduce memory usage. Loaded Objects now: 2027.
Total: 2.537300 ms (FindLiveObjects: 0.617600 ms CreateObjectMapping: 0.097800 ms MarkObjects: 1.804500 ms  DeleteObjects: 0.015700 ms)

========================================================================
Received Import Request.
  Time since last request: 8.850432 seconds.
  path: Assets/Scripts/ScoreCounter.cs
  artifactKey: Guid(319bcadc4136ad54fbaef5c54eba9bdd) Importer(815301076,1909f56bfc062723c751e8b465ee728b)
Start importing Assets/Scripts/ScoreCounter.cs using Guid(319bcadc4136ad54fbaef5c54eba9bdd) Importer(815301076,1909f56bfc062723c751e8b465ee728b)  -> (artifact id: '8cfcbbb4258b258e803eba3f77732da4') in 0.010347 seconds
  Import took 0.012846 seconds .

========================================================================
Received Import Request.
  Time since last request: 203.479897 seconds.
  path: Assets/Scripts/ScoreCounter.cs
  artifactKey: Guid(319bcadc4136ad54fbaef5c54eba9bdd) Importer(815301076,1909f56bfc062723c751e8b465ee728b)
Start importing Assets/Scripts/ScoreCounter.cs using Guid(319bcadc4136ad54fbaef5c54eba9bdd) Importer(815301076,1909f56bfc062723c751e8b465ee728b)  -> (artifact id: 'db751e2cc0b58b306c993b6c194de8af') in 0.022093 seconds
  Import took 0.027827 seconds .

========================================================================
Received Prepare
Registering precompiled user dll's ...
Registered in 0.000977 seconds.
Begin MonoManager ReloadAssembly
Native extension for WindowsStandalone target not found
Native extension for WebGL target not found
Refreshing native plugins compatible for Editor in 0.39 ms, found 0 plugins.
Preloading 0 native plugins for Editor in 0.00 ms.
Invoked RoslynAnalysisRunner static constructor.
RoslynAnalysisRunner will not be running.
RoslynAnalysisRunner has terminated.
Mono: successfully reloaded assembly
- Completed reload, in  1.088 seconds
Platform modules already initialized, skipping
Refreshing native plugins compatible for Editor in 0.31 ms, found 0 plugins.
Preloading 0 native plugins for Editor in 0.00 ms.
Unloading 1461 Unused Serialized files (Serialized files now loaded: 0)
System memory in use before: 75.3 MB.
System memory in use after: 75.4 MB.

Unloading 4 unused Assets to reduce memory usage. Loaded Objects now: 2030.
Total: 2.484800 ms (FindLiveObjects: 0.156600 ms CreateObjectMapping: 0.046300 ms MarkObjects: 2.260600 ms  DeleteObjects: 0.019600 ms)

========================================================================
Received Prepare
Registering precompiled user dll's ...
Registered in 0.000927 seconds.
Begin MonoManager ReloadAssembly
Native extension for WindowsStandalone target not found
Native extension for WebGL target not found
Refreshing native plugins compatible for Editor in 0.30 ms, found 0 plugins.
Preloading 0 native plugins for Editor in 0.00 ms.
Invoked RoslynAnalysisRunner static constructor.
RoslynAnalysisRunner will not be running.
RoslynAnalysisRunner has terminated.
Mono: successfully reloaded assembly
- Completed reload, in  0.998 seconds
Platform modules already initialized, skipping
Refreshing native plugins compatible for Editor in 0.33 ms, found 0 plugins.
Preloading 0 native plugins for Editor in 0.00 ms.
Unloading 1461 Unused Serialized files (Serialized files now loaded: 0)
System memory in use before: 75.3 MB.
System memory in use after: 75.5 MB.

Unloading 4 unused Assets to reduce memory usage. Loaded Objects now: 2033.
Total: 2.278500 ms (FindLiveObjects: 0.164100 ms CreateObjectMapping: 0.051600 ms MarkObjects: 2.044400 ms  DeleteObjects: 0.016200 ms)

========================================================================
Received Prepare
Registering precompiled user dll's ...
Registered in 0.000888 seconds.
Begin MonoManager ReloadAssembly
Native extension for WindowsStandalone target not found
Native extension for WebGL target not found
Refreshing native plugins compatible for Editor in 0.36 ms, found 0 plugins.
Preloading 0 native plugins for Editor in 0.00 ms.
Invoked RoslynAnalysisRunner static constructor.
RoslynAnalysisRunner will not be running.
RoslynAnalysisRunner has terminated.
Mono: successfully reloaded assembly
- Completed reload, in  0.958 seconds
Platform modules already initialized, skipping
Refreshing native plugins compatible for Editor in 0.29 ms, found 0 plugins.
Preloading 0 native plugins for Editor in 0.00 ms.
Unloading 1461 Unused Serialized files (Serialized files now loaded: 0)
System memory in use before: 75.4 MB.
System memory in use after: 75.5 MB.

Unloading 4 unused Assets to reduce memory usage. Loaded Objects now: 2036.
Total: 2.297400 ms (FindLiveObjects: 0.160400 ms CreateObjectMapping: 0.047800 ms MarkObjects: 2.073800 ms  DeleteObjects: 0.014600 ms)

========================================================================
Received Prepare
Registering precompiled user dll's ...
Registered in 0.000884 seconds.
Begin MonoManager ReloadAssembly
Native extension for WindowsStandalone target not found
Native extension for WebGL target not found
Refreshing native plugins compatible for Editor in 0.31 ms, found 0 plugins.
Preloading 0 native plugins for Editor in 0.00 ms.
Invoked RoslynAnalysisRunner static constructor.
RoslynAnalysisRunner will not be running.
RoslynAnalysisRunner has terminated.
Mono: successfully reloaded assembly
- Completed reload, in  1.334 seconds
Platform modules already initialized, skipping
Refreshing native plugins compatible for Editor in 0.29 ms, found 0 plugins.
Preloading 0 native plugins for Editor in 0.00 ms.
Unloading 1461 Unused Serialized files (Serialized files now loaded: 0)
System memory in use before: 75.4 MB.
System memory in use after: 75.5 MB.

Unloading 4 unused Assets to reduce memory usage. Loaded Objects now: 2039.
Total: 1.985200 ms (FindLiveObjects: 0.161000 ms CreateObjectMapping: 0.047400 ms MarkObjects: 1.758600 ms  DeleteObjects: 0.017000 ms)

========================================================================
Received Prepare
Registering precompiled user dll's ...
Registered in 0.001251 seconds.
Begin MonoManager ReloadAssembly
Native extension for WindowsStandalone target not found
Native extension for WebGL target not found
Refreshing native plugins compatible for Editor in 0.28 ms, found 0 plugins.
Preloading 0 native plugins for Editor in 0.00 ms.
Invoked RoslynAnalysisRunner static constructor.
RoslynAnalysisRunner will not be running.
RoslynAnalysisRunner has terminated.
Mono: successfully reloaded assembly
- Completed reload, in  1.102 seconds
Platform modules already initialized, skipping
Refreshing native plugins compatible for Editor in 0.28 ms, found 0 plugins.
Preloading 0 native plugins for Editor in 0.00 ms.
Unloading 1461 Unused Serialized files (Serialized files now loaded: 0)
System memory in use before: 75.4 MB.
System memory in use after: 75.5 MB.

Unloading 4 unused Assets to reduce memory usage. Loaded Objects now: 2042.
Total: 1.741500 ms (FindLiveObjects: 0.164600 ms CreateObjectMapping: 0.049000 ms MarkObjects: 1.512800 ms  DeleteObjects: 0.014000 ms)

========================================================================
Received Prepare
Registering precompiled user dll's ...
Registered in 0.000833 seconds.
Begin MonoManager ReloadAssembly
Native extension for WindowsStandalone target not found
Native extension for WebGL target not found
Refreshing native plugins compatible for Editor in 0.34 ms, found 0 plugins.
Preloading 0 native plugins for Editor in 0.00 ms.
Invoked RoslynAnalysisRunner static constructor.
RoslynAnalysisRunner will not be running.
RoslynAnalysisRunner has terminated.
Mono: successfully reloaded assembly
- Completed reload, in  1.012 seconds
Platform modules already initialized, skipping
Refreshing native plugins compatible for Editor in 0.28 ms, found 0 plugins.
Preloading 0 native plugins for Editor in 0.00 ms.
Unloading 1461 Unused Serialized files (Serialized files now loaded: 0)
System memory in use before: 75.4 MB.
System memory in use after: 75.5 MB.

Unloading 4 unused Assets to reduce memory usage. Loaded Objects now: 2045.
Total: 2.598300 ms (FindLiveObjects: 0.167300 ms CreateObjectMapping: 0.048200 ms MarkObjects: 2.341800 ms  DeleteObjects: 0.039400 ms)

========================================================================
Received Prepare
Registering precompiled user dll's ...
Registered in 0.001702 seconds.
Begin MonoManager ReloadAssembly
Native extension for WindowsStandalone target not found
Native extension for WebGL target not found
Refreshing native plugins compatible for Editor in 0.33 ms, found 0 plugins.
Preloading 0 native plugins for Editor in 0.00 ms.
Invoked RoslynAnalysisRunner static constructor.
RoslynAnalysisRunner will not be running.
RoslynAnalysisRunner has terminated.
Mono: successfully reloaded assembly
- Completed reload, in  1.027 seconds
Platform modules already initialized, skipping
Refreshing native plugins compatible for Editor in 0.41 ms, found 0 plugins.
Preloading 0 native plugins for Editor in 0.00 ms.
Unloading 1461 Unused Serialized files (Serialized files now loaded: 0)
System memory in use before: 75.4 MB.
System memory in use after: 75.5 MB.

Unloading 4 unused Assets to reduce memory usage. Loaded Objects now: 2048.
Total: 2.502000 ms (FindLiveObjects: 0.256100 ms CreateObjectMapping: 0.163800 ms MarkObjects: 2.064300 ms  DeleteObjects: 0.016400 ms)

========================================================================
Received Prepare
Registering precompiled user dll's ...
Registered in 0.000964 seconds.
Begin MonoManager ReloadAssembly
Native extension for WindowsStandalone target not found
Native extension for WebGL target not found
Refreshing native plugins compatible for Editor in 0.29 ms, found 0 plugins.
Preloading 0 native plugins for Editor in 0.00 ms.
Invoked RoslynAnalysisRunner static constructor.
RoslynAnalysisRunner will not be running.
RoslynAnalysisRunner has terminated.
Mono: successfully reloaded assembly
- Completed reload, in  1.059 seconds
Platform modules already initialized, skipping
Refreshing native plugins compatible for Editor in 0.38 ms, found 0 plugins.
Preloading 0 native plugins for Editor in 0.00 ms.
Unloading 1461 Unused Serialized files (Serialized files now loaded: 0)
System memory in use before: 75.4 MB.
System memory in use after: 75.5 MB.

Unloading 4 unused Assets to reduce memory usage. Loaded Objects now: 2051.
Total: 2.554900 ms (FindLiveObjects: 0.242600 ms CreateObjectMapping: 0.050900 ms MarkObjects: 2.242900 ms  DeleteObjects: 0.017200 ms)

========================================================================
Received Prepare
Registering precompiled user dll's ...
Registered in 0.000876 seconds.
Begin MonoManager ReloadAssembly
Native extension for WindowsStandalone target not found
Native extension for WebGL target not found
Refreshing native plugins compatible for Editor in 0.34 ms, found 0 plugins.
Preloading 0 native plugins for Editor in 0.00 ms.
Invoked RoslynAnalysisRunner static constructor.
RoslynAnalysisRunner will not be running.
RoslynAnalysisRunner has terminated.
Mono: successfully reloaded assembly
- Completed reload, in  0.922 seconds
Platform modules already initialized, skipping
Refreshing native plugins compatible for Editor in 0.29 ms, found 0 plugins.
Preloading 0 native plugins for Editor in 0.00 ms.
Unloading 1461 Unused Serialized files (Serialized files now loaded: 0)
System memory in use before: 75.4 MB.
System memory in use after: 75.5 MB.

Unloading 4 unused Assets to reduce memory usage. Loaded Objects now: 2054.
Total: 2.214400 ms (FindLiveObjects: 0.153500 ms CreateObjectMapping: 0.062700 ms MarkObjects: 1.981100 ms  DeleteObjects: 0.016300 ms)

========================================================================
Received Prepare
Registering precompiled user dll's ...
Registered in 0.000859 seconds.
Begin MonoManager ReloadAssembly
Native extension for WindowsStandalone target not found
Native extension for WebGL target not found
Refreshing native plugins compatible for Editor in 0.28 ms, found 0 plugins.
Preloading 0 native plugins for Editor in 0.00 ms.
Invoked RoslynAnalysisRunner static constructor.
RoslynAnalysisRunner will not be running.
RoslynAnalysisRunner has terminated.
Mono: successfully reloaded assembly
- Completed reload, in  0.955 seconds
Platform modules already initialized, skipping
Refreshing native plugins compatible for Editor in 0.31 ms, found 0 plugins.
Preloading 0 native plugins for Editor in 0.00 ms.
Unloading 1461 Unused Serialized files (Serialized files now loaded: 0)
System memory in use before: 75.4 MB.
System memory in use after: 75.5 MB.

Unloading 4 unused Assets to reduce memory usage. Loaded Objects now: 2057.
Total: 1.981000 ms (FindLiveObjects: 0.179100 ms CreateObjectMapping: 0.046000 ms MarkObjects: 1.741200 ms  DeleteObjects: 0.013800 ms)

========================================================================
Received Prepare
Registering precompiled user dll's ...
Registered in 0.000817 seconds.
Begin MonoManager ReloadAssembly
Native extension for WindowsStandalone target not found
Native extension for WebGL target not found
Refreshing native plugins compatible for Editor in 0.46 ms, found 0 plugins.
Preloading 0 native plugins for Editor in 0.00 ms.
Invoked RoslynAnalysisRunner static constructor.
RoslynAnalysisRunner will not be running.
RoslynAnalysisRunner has terminated.
Mono: successfully reloaded assembly
- Completed reload, in  1.042 seconds
Platform modules already initialized, skipping
Refreshing native plugins compatible for Editor in 0.30 ms, found 0 plugins.
Preloading 0 native plugins for Editor in 0.00 ms.
Unloading 1461 Unused Serialized files (Serialized files now loaded: 0)
System memory in use before: 75.4 MB.
System memory in use after: 75.5 MB.

Unloading 4 unused Assets to reduce memory usage. Loaded Objects now: 2060.
Total: 3.367700 ms (FindLiveObjects: 0.195200 ms CreateObjectMapping: 0.056600 ms MarkObjects: 3.097600 ms  DeleteObjects: 0.016300 ms)

========================================================================
Received Prepare
Registering precompiled user dll's ...
Registered in 0.001112 seconds.
Begin MonoManager ReloadAssembly
Native extension for WindowsStandalone target not found
Native extension for WebGL target not found
Refreshing native plugins compatible for Editor in 0.28 ms, found 0 plugins.
Preloading 0 native plugins for Editor in 0.00 ms.
Invoked RoslynAnalysisRunner static constructor.
RoslynAnalysisRunner will not be running.
RoslynAnalysisRunner has terminated.
Mono: successfully reloaded assembly
- Completed reload, in  0.975 seconds
Platform modules already initialized, skipping
Refreshing native plugins compatible for Editor in 0.34 ms, found 0 plugins.
Preloading 0 native plugins for Editor in 0.00 ms.
Unloading 1461 Unused Serialized files (Serialized files now loaded: 0)
System memory in use before: 75.4 MB.
System memory in use after: 75.5 MB.

Unloading 4 unused Assets to reduce memory usage. Loaded Objects now: 2063.
Total: 2.119300 ms (FindLiveObjects: 0.248400 ms CreateObjectMapping: 0.059800 ms MarkObjects: 1.771000 ms  DeleteObjects: 0.039000 ms)

========================================================================
Received Prepare
Registering precompiled user dll's ...
Registered in 0.001078 seconds.
Begin MonoManager ReloadAssembly
Native extension for WindowsStandalone target not found
Native extension for WebGL target not found
Refreshing native plugins compatible for Editor in 0.31 ms, found 0 plugins.
Preloading 0 native plugins for Editor in 0.00 ms.
Invoked RoslynAnalysisRunner static constructor.
RoslynAnalysisRunner will not be running.
RoslynAnalysisRunner has terminated.
Mono: successfully reloaded assembly
- Completed reload, in  1.061 seconds
Platform modules already initialized, skipping
Refreshing native plugins compatible for Editor in 0.30 ms, found 0 plugins.
Preloading 0 native plugins for Editor in 0.00 ms.
Unloading 1461 Unused Serialized files (Serialized files now loaded: 0)
System memory in use before: 75.4 MB.
System memory in use after: 75.5 MB.

Unloading 4 unused Assets to reduce memory usage. Loaded Objects now: 2066.
Total: 4.425500 ms (FindLiveObjects: 0.735900 ms CreateObjectMapping: 0.213900 ms MarkObjects: 3.441100 ms  DeleteObjects: 0.033100 ms)

========================================================================
Received Prepare
Registering precompiled user dll's ...
Registered in 0.000838 seconds.
Begin MonoManager ReloadAssembly
Native extension for WindowsStandalone target not found
Native extension for WebGL target not found
Refreshing native plugins compatible for Editor in 0.33 ms, found 0 plugins.
Preloading 0 native plugins for Editor in 0.00 ms.
Invoked RoslynAnalysisRunner static constructor.
RoslynAnalysisRunner will not be running.
RoslynAnalysisRunner has terminated.
Mono: successfully reloaded assembly
- Completed reload, in  1.021 seconds
Platform modules already initialized, skipping
Refreshing native plugins compatible for Editor in 0.38 ms, found 0 plugins.
Preloading 0 native plugins for Editor in 0.00 ms.
Unloading 1461 Unused Serialized files (Serialized files now loaded: 0)
System memory in use before: 75.4 MB.
System memory in use after: 75.5 MB.

Unloading 4 unused Assets to reduce memory usage. Loaded Objects now: 2069.
Total: 2.104200 ms (FindLiveObjects: 0.196800 ms CreateObjectMapping: 0.133800 ms MarkObjects: 1.757000 ms  DeleteObjects: 0.015500 ms)

========================================================================
Received Prepare
Registering precompiled user dll's ...
Registered in 0.001023 seconds.
Begin MonoManager ReloadAssembly
Native extension for WindowsStandalone target not found
Native extension for WebGL target not found
Refreshing native plugins compatible for Editor in 0.29 ms, found 0 plugins.
Preloading 0 native plugins for Editor in 0.00 ms.
Invoked RoslynAnalysisRunner static constructor.
RoslynAnalysisRunner will not be running.
RoslynAnalysisRunner has terminated.
Mono: successfully reloaded assembly
- Completed reload, in  0.934 seconds
Platform modules already initialized, skipping
Refreshing native plugins compatible for Editor in 0.46 ms, found 0 plugins.
Preloading 0 native plugins for Editor in 0.00 ms.
Unloading 1461 Unused Serialized files (Serialized files now loaded: 0)
System memory in use before: 75.4 MB.
System memory in use after: 75.5 MB.

Unloading 4 unused Assets to reduce memory usage. Loaded Objects now: 2072.
Total: 2.875800 ms (FindLiveObjects: 0.319300 ms CreateObjectMapping: 0.057400 ms MarkObjects: 2.476000 ms  DeleteObjects: 0.021500 ms)

========================================================================
Received Prepare
Registering precompiled user dll's ...
Registered in 0.000840 seconds.
Begin MonoManager ReloadAssembly
Native extension for WindowsStandalone target not found
Native extension for WebGL target not found
Refreshing native plugins compatible for Editor in 0.33 ms, found 0 plugins.
Preloading 0 native plugins for Editor in 0.00 ms.
Invoked RoslynAnalysisRunner static constructor.
RoslynAnalysisRunner will not be running.
RoslynAnalysisRunner has terminated.
Mono: successfully reloaded assembly
- Completed reload, in  1.002 seconds
Platform modules already initialized, skipping
Refreshing native plugins compatible for Editor in 0.58 ms, found 0 plugins.
Preloading 0 native plugins for Editor in 0.00 ms.
Unloading 1461 Unused Serialized files (Serialized files now loaded: 0)
System memory in use before: 75.4 MB.
System memory in use after: 75.6 MB.

Unloading 4 unused Assets to reduce memory usage. Loaded Objects now: 2075.
Total: 2.555000 ms (FindLiveObjects: 0.181700 ms CreateObjectMapping: 0.060400 ms MarkObjects: 2.293500 ms  DeleteObjects: 0.017500 ms)

========================================================================
Received Import Request.
  Time since last request: 2476.372458 seconds.
  path: Assets/Scenes/DayNNite.unity
  artifactKey: Guid(d513e9e7366c9402097a4ddfb68f17bd) Importer(815301076,1909f56bfc062723c751e8b465ee728b)
Start importing Assets/Scenes/DayNNite.unity using Guid(d513e9e7366c9402097a4ddfb68f17bd) Importer(815301076,1909f56bfc062723c751e8b465ee728b)  -> (artifact id: '3e090893922ae199643720c99ebc6f11') in 0.022381 seconds
  Import took 0.026514 seconds .

========================================================================
Received Import Request.
  Time since last request: 33.579326 seconds.
  path: Assets/Scenes/hotelCali.unity
  artifactKey: Guid(e6ba4ac198b924e388cece43a8a3d2db) Importer(815301076,1909f56bfc062723c751e8b465ee728b)
Start importing Assets/Scenes/hotelCali.unity using Guid(e6ba4ac198b924e388cece43a8a3d2db) Importer(815301076,1909f56bfc062723c751e8b465ee728b)  -> (artifact id: 'e04dd91127ac367e7ff4b71598e62c54') in 0.009566 seconds
  Import took 0.012668 seconds .

========================================================================
Received Import Request.
  Time since last request: 54.634075 seconds.
  path: Assets/Scenes/SleepWalk.unity
  artifactKey: Guid(b499b0829c7b841d08aa33f42d41dfc9) Importer(815301076,1909f56bfc062723c751e8b465ee728b)
Start importing Assets/Scenes/SleepWalk.unity using Guid(b499b0829c7b841d08aa33f42d41dfc9) Importer(815301076,1909f56bfc062723c751e8b465ee728b)  -> (artifact id: '18884c9451efae8db8d615f4307cf929') in 0.010267 seconds
  Import took 0.013154 seconds .

========================================================================
Received Import Request.
  Time since last request: 30.402555 seconds.
  path: Assets/Scenes/WeWillRockYou.unity
  artifactKey: Guid(a5c292ecafadc4201b2f56c8fcaf93ba) Importer(815301076,1909f56bfc062723c751e8b465ee728b)
Start importing Assets/Scenes/WeWillRockYou.unity using Guid(a5c292ecafadc4201b2f56c8fcaf93ba) Importer(815301076,1909f56bfc062723c751e8b465ee728b)  -> (artifact id: '1ed426948f3b0c9fdc39d91239fc7a3a') in 0.011932 seconds
  Import took 0.014690 seconds .

========================================================================
Received Import Request.
  Time since last request: 24.561942 seconds.
  path: Assets/Scenes/stairway2Heaven.unity
  artifactKey: Guid(0299ab8d8b3f14a528a9950781355533) Importer(815301076,1909f56bfc062723c751e8b465ee728b)
Start importing Assets/Scenes/stairway2Heaven.unity using Guid(0299ab8d8b3f14a528a9950781355533) Importer(815301076,1909f56bfc062723c751e8b465ee728b)  -> (artifact id: 'fbf3561fbaf696442b83260fcb2e13ef') in 0.010931 seconds
  Import took 0.014387 seconds .

========================================================================
Received Import Request.
  Time since last request: 117.754378 seconds.
  path: Assets/Scenes/YDB.unity
  artifactKey: Guid(9fc0d4010bbf28b4594072e72b8655ab) Importer(815301076,1909f56bfc062723c751e8b465ee728b)
Start importing Assets/Scenes/YDB.unity using Guid(9fc0d4010bbf28b4594072e72b8655ab) Importer(815301076,1909f56bfc062723c751e8b465ee728b)  -> (artifact id: 'cd4646f4bcd63be66c9f202c64fab9e4') in 0.010906 seconds
  Import took 0.014627 seconds .

